<?xml version="1.0" encoding="UTF-8"?>
<robot generator="Robot 3.1.2 (Python 3.8.0 on win32)" generated="20200205 08:58:43.811" rpa="false">
<suite id="s1" name="Test Cases" source="C:\Users\Andre\PycharmProjects\RobotAutomation\Test Cases">
<suite id="s1-s1" name="LoginTC" source="C:\Users\Andre\PycharmProjects\RobotAutomation\Test Cases\LoginTC">
<kw name="Before each Test Suite" type="setup">
<kw name="Log" library="BuiltIn">
<doc>Logs the given message with the given level.</doc>
<arguments>
<arg>Test Suite Started</arg>
</arguments>
<msg timestamp="20200205 08:58:44.046" level="INFO">Test Suite Started</msg>
<status status="PASS" starttime="20200205 08:58:44.046" endtime="20200205 08:58:44.046"></status>
</kw>
<status status="PASS" starttime="20200205 08:58:44.046" endtime="20200205 08:58:44.046"></status>
</kw>
<suite id="s1-s1-s1" name="TC 001" source="C:\Users\Andre\PycharmProjects\RobotAutomation\Test Cases\LoginTC\TC_001.robot">
<test id="s1-s1-s1-t1" name="TC_001 Login Logout Functionality">
<kw name="Open Browser" library="SeleniumLibrary">
<doc>Opens a new browser instance to the optional ``url``.</doc>
<arguments>
<arg>${var1}</arg>
<arg>Chrome</arg>
</arguments>
<msg timestamp="20200205 08:58:50.280" level="INFO">Opening browser 'Chrome' to base url 'http://thetestingworld.com'.</msg>
<status status="PASS" starttime="20200205 08:58:50.280" endtime="20200205 08:59:00.380"></status>
</kw>
<kw name="Maximize Browser Window" library="SeleniumLibrary">
<doc>Maximizes current browser window.</doc>
<status status="PASS" starttime="20200205 08:59:00.380" endtime="20200205 08:59:01.943"></status>
</kw>
<kw name="Click Element" library="SeleniumLibrary">
<doc>Click the element identified by ``locator``.</doc>
<arguments>
<arg>xpath://a[text()='Login']</arg>
</arguments>
<msg timestamp="20200205 08:59:01.947" level="INFO">Clicking element 'xpath://a[text()='Login']'.</msg>
<status status="PASS" starttime="20200205 08:59:01.947" endtime="20200205 08:59:03.479"></status>
</kw>
<kw name="Read Number of Rows" library="UserKeywords">
<arguments>
<arg>Tabelle1</arg>
</arguments>
<assign>
<var>${row}</var>
</assign>
<kw name="Fetch Number Of Rows" library="ReadData">
<arguments>
<arg>${Sheetname}</arg>
</arguments>
<assign>
<var>${maxr}</var>
</assign>
<msg timestamp="20200205 08:59:03.483" level="INFO">${maxr} = 4</msg>
<status status="PASS" starttime="20200205 08:59:03.479" endtime="20200205 08:59:03.483"></status>
</kw>
<msg timestamp="20200205 08:59:03.483" level="INFO">${row} = 4</msg>
<status status="PASS" starttime="20200205 08:59:03.479" endtime="20200205 08:59:03.483"></status>
</kw>
<kw name="${i} IN RANGE [ 1 | ${row}+1 ]" type="for">
<kw name="${i} = 1" type="foritem">
<kw name="Read Excel Data of Cell" library="UserKeywords">
<arguments>
<arg>Tabelle1</arg>
<arg>${i}</arg>
<arg>1</arg>
</arguments>
<assign>
<var>${username}</var>
</assign>
<kw name="Fetch Cell Data" library="ReadData">
<arguments>
<arg>${Sheetname}</arg>
<arg>${row}</arg>
<arg>${cell}</arg>
</arguments>
<assign>
<var>${celldata}</var>
</assign>
<msg timestamp="20200205 08:59:03.491" level="INFO">${celldata} = user1</msg>
<status status="PASS" starttime="20200205 08:59:03.491" endtime="20200205 08:59:03.491"></status>
</kw>
<msg timestamp="20200205 08:59:03.491" level="INFO">${username} = user1</msg>
<status status="PASS" starttime="20200205 08:59:03.487" endtime="20200205 08:59:03.491"></status>
</kw>
<kw name="Read Excel Data of Cell" library="UserKeywords">
<arguments>
<arg>Tabelle1</arg>
<arg>${i}</arg>
<arg>2</arg>
</arguments>
<assign>
<var>${password}</var>
</assign>
<kw name="Fetch Cell Data" library="ReadData">
<arguments>
<arg>${Sheetname}</arg>
<arg>${row}</arg>
<arg>${cell}</arg>
</arguments>
<assign>
<var>${celldata}</var>
</assign>
<msg timestamp="20200205 08:59:03.491" level="INFO">${celldata} = pass1</msg>
<status status="PASS" starttime="20200205 08:59:03.491" endtime="20200205 08:59:03.491"></status>
</kw>
<msg timestamp="20200205 08:59:03.495" level="INFO">${password} = pass1</msg>
<status status="PASS" starttime="20200205 08:59:03.491" endtime="20200205 08:59:03.495"></status>
</kw>
<kw name="Input Text" library="SeleniumLibrary">
<doc>Types the given ``text`` into the text field identified by ``locator``.</doc>
<arguments>
<arg>id:username</arg>
<arg>${username}</arg>
</arguments>
<msg timestamp="20200205 08:59:03.495" level="INFO">Typing text 'user1' into text field 'id:username'.</msg>
<status status="PASS" starttime="20200205 08:59:03.495" endtime="20200205 08:59:03.700"></status>
</kw>
<kw name="Input Text" library="SeleniumLibrary">
<doc>Types the given ``text`` into the text field identified by ``locator``.</doc>
<arguments>
<arg>id:password</arg>
<arg>${password}</arg>
</arguments>
<msg timestamp="20200205 08:59:03.700" level="INFO">Typing text 'pass1' into text field 'id:password'.</msg>
<status status="PASS" starttime="20200205 08:59:03.700" endtime="20200205 08:59:03.844"></status>
</kw>
<kw name="Click Button" library="SeleniumLibrary">
<doc>Clicks the button identified by ``locator``.</doc>
<arguments>
<arg>xpath://button[@type='submit']</arg>
</arguments>
<msg timestamp="20200205 08:59:03.844" level="INFO">Clicking button 'xpath://button[@type='submit']'.</msg>
<status status="PASS" starttime="20200205 08:59:03.844" endtime="20200205 08:59:04.929"></status>
</kw>
<kw name="Sleep" library="BuiltIn">
<doc>Pauses the test executed for the given time.</doc>
<arguments>
<arg>5 seconds</arg>
</arguments>
<msg timestamp="20200205 08:59:09.933" level="INFO">Slept 5 seconds</msg>
<status status="PASS" starttime="20200205 08:59:04.929" endtime="20200205 08:59:09.933"></status>
</kw>
<status status="PASS" starttime="20200205 08:59:03.487" endtime="20200205 08:59:09.933"></status>
</kw>
<kw name="${i} = 2" type="foritem">
<kw name="Read Excel Data of Cell" library="UserKeywords">
<arguments>
<arg>Tabelle1</arg>
<arg>${i}</arg>
<arg>1</arg>
</arguments>
<assign>
<var>${username}</var>
</assign>
<kw name="Fetch Cell Data" library="ReadData">
<arguments>
<arg>${Sheetname}</arg>
<arg>${row}</arg>
<arg>${cell}</arg>
</arguments>
<assign>
<var>${celldata}</var>
</assign>
<msg timestamp="20200205 08:59:09.941" level="INFO">${celldata} = user2</msg>
<status status="PASS" starttime="20200205 08:59:09.937" endtime="20200205 08:59:09.941"></status>
</kw>
<msg timestamp="20200205 08:59:09.941" level="INFO">${username} = user2</msg>
<status status="PASS" starttime="20200205 08:59:09.933" endtime="20200205 08:59:09.941"></status>
</kw>
<kw name="Read Excel Data of Cell" library="UserKeywords">
<arguments>
<arg>Tabelle1</arg>
<arg>${i}</arg>
<arg>2</arg>
</arguments>
<assign>
<var>${password}</var>
</assign>
<kw name="Fetch Cell Data" library="ReadData">
<arguments>
<arg>${Sheetname}</arg>
<arg>${row}</arg>
<arg>${cell}</arg>
</arguments>
<assign>
<var>${celldata}</var>
</assign>
<msg timestamp="20200205 08:59:09.945" level="INFO">${celldata} = pass2</msg>
<status status="PASS" starttime="20200205 08:59:09.945" endtime="20200205 08:59:09.945"></status>
</kw>
<msg timestamp="20200205 08:59:09.945" level="INFO">${password} = pass2</msg>
<status status="PASS" starttime="20200205 08:59:09.941" endtime="20200205 08:59:09.945"></status>
</kw>
<kw name="Input Text" library="SeleniumLibrary">
<doc>Types the given ``text`` into the text field identified by ``locator``.</doc>
<arguments>
<arg>id:username</arg>
<arg>${username}</arg>
</arguments>
<msg timestamp="20200205 08:59:09.945" level="INFO">Typing text 'user2' into text field 'id:username'.</msg>
<status status="PASS" starttime="20200205 08:59:09.945" endtime="20200205 08:59:10.267"></status>
</kw>
<kw name="Input Text" library="SeleniumLibrary">
<doc>Types the given ``text`` into the text field identified by ``locator``.</doc>
<arguments>
<arg>id:password</arg>
<arg>${password}</arg>
</arguments>
<msg timestamp="20200205 08:59:10.267" level="INFO">Typing text 'pass2' into text field 'id:password'.</msg>
<status status="PASS" starttime="20200205 08:59:10.267" endtime="20200205 08:59:10.511"></status>
</kw>
<kw name="Click Button" library="SeleniumLibrary">
<doc>Clicks the button identified by ``locator``.</doc>
<arguments>
<arg>xpath://button[@type='submit']</arg>
</arguments>
<msg timestamp="20200205 08:59:10.511" level="INFO">Clicking button 'xpath://button[@type='submit']'.</msg>
<status status="PASS" starttime="20200205 08:59:10.511" endtime="20200205 08:59:11.500"></status>
</kw>
<kw name="Sleep" library="BuiltIn">
<doc>Pauses the test executed for the given time.</doc>
<arguments>
<arg>5 seconds</arg>
</arguments>
<msg timestamp="20200205 08:59:16.513" level="INFO">Slept 5 seconds</msg>
<status status="PASS" starttime="20200205 08:59:11.500" endtime="20200205 08:59:16.513"></status>
</kw>
<status status="PASS" starttime="20200205 08:59:09.933" endtime="20200205 08:59:16.513"></status>
</kw>
<kw name="${i} = 3" type="foritem">
<kw name="Read Excel Data of Cell" library="UserKeywords">
<arguments>
<arg>Tabelle1</arg>
<arg>${i}</arg>
<arg>1</arg>
</arguments>
<assign>
<var>${username}</var>
</assign>
<kw name="Fetch Cell Data" library="ReadData">
<arguments>
<arg>${Sheetname}</arg>
<arg>${row}</arg>
<arg>${cell}</arg>
</arguments>
<assign>
<var>${celldata}</var>
</assign>
<msg timestamp="20200205 08:59:16.513" level="INFO">${celldata} = user3</msg>
<status status="PASS" starttime="20200205 08:59:16.513" endtime="20200205 08:59:16.513"></status>
</kw>
<msg timestamp="20200205 08:59:16.513" level="INFO">${username} = user3</msg>
<status status="PASS" starttime="20200205 08:59:16.513" endtime="20200205 08:59:16.513"></status>
</kw>
<kw name="Read Excel Data of Cell" library="UserKeywords">
<arguments>
<arg>Tabelle1</arg>
<arg>${i}</arg>
<arg>2</arg>
</arguments>
<assign>
<var>${password}</var>
</assign>
<kw name="Fetch Cell Data" library="ReadData">
<arguments>
<arg>${Sheetname}</arg>
<arg>${row}</arg>
<arg>${cell}</arg>
</arguments>
<assign>
<var>${celldata}</var>
</assign>
<msg timestamp="20200205 08:59:16.513" level="INFO">${celldata} = pass3</msg>
<status status="PASS" starttime="20200205 08:59:16.513" endtime="20200205 08:59:16.513"></status>
</kw>
<msg timestamp="20200205 08:59:16.513" level="INFO">${password} = pass3</msg>
<status status="PASS" starttime="20200205 08:59:16.513" endtime="20200205 08:59:16.513"></status>
</kw>
<kw name="Input Text" library="SeleniumLibrary">
<doc>Types the given ``text`` into the text field identified by ``locator``.</doc>
<arguments>
<arg>id:username</arg>
<arg>${username}</arg>
</arguments>
<msg timestamp="20200205 08:59:16.513" level="INFO">Typing text 'user3' into text field 'id:username'.</msg>
<status status="PASS" starttime="20200205 08:59:16.513" endtime="20200205 08:59:16.738"></status>
</kw>
<kw name="Input Text" library="SeleniumLibrary">
<doc>Types the given ``text`` into the text field identified by ``locator``.</doc>
<arguments>
<arg>id:password</arg>
<arg>${password}</arg>
</arguments>
<msg timestamp="20200205 08:59:16.738" level="INFO">Typing text 'pass3' into text field 'id:password'.</msg>
<status status="PASS" starttime="20200205 08:59:16.738" endtime="20200205 08:59:16.875"></status>
</kw>
<kw name="Click Button" library="SeleniumLibrary">
<doc>Clicks the button identified by ``locator``.</doc>
<arguments>
<arg>xpath://button[@type='submit']</arg>
</arguments>
<msg timestamp="20200205 08:59:16.875" level="INFO">Clicking button 'xpath://button[@type='submit']'.</msg>
<status status="PASS" starttime="20200205 08:59:16.875" endtime="20200205 08:59:18.009"></status>
</kw>
<kw name="Sleep" library="BuiltIn">
<doc>Pauses the test executed for the given time.</doc>
<arguments>
<arg>5 seconds</arg>
</arguments>
<msg timestamp="20200205 08:59:23.016" level="INFO">Slept 5 seconds</msg>
<status status="PASS" starttime="20200205 08:59:18.009" endtime="20200205 08:59:23.016"></status>
</kw>
<status status="PASS" starttime="20200205 08:59:16.513" endtime="20200205 08:59:23.016"></status>
</kw>
<kw name="${i} = 4" type="foritem">
<kw name="Read Excel Data of Cell" library="UserKeywords">
<arguments>
<arg>Tabelle1</arg>
<arg>${i}</arg>
<arg>1</arg>
</arguments>
<assign>
<var>${username}</var>
</assign>
<kw name="Fetch Cell Data" library="ReadData">
<arguments>
<arg>${Sheetname}</arg>
<arg>${row}</arg>
<arg>${cell}</arg>
</arguments>
<assign>
<var>${celldata}</var>
</assign>
<msg timestamp="20200205 08:59:23.020" level="INFO">${celldata} = user4</msg>
<status status="PASS" starttime="20200205 08:59:23.020" endtime="20200205 08:59:23.020"></status>
</kw>
<msg timestamp="20200205 08:59:23.024" level="INFO">${username} = user4</msg>
<status status="PASS" starttime="20200205 08:59:23.020" endtime="20200205 08:59:23.024"></status>
</kw>
<kw name="Read Excel Data of Cell" library="UserKeywords">
<arguments>
<arg>Tabelle1</arg>
<arg>${i}</arg>
<arg>2</arg>
</arguments>
<assign>
<var>${password}</var>
</assign>
<kw name="Fetch Cell Data" library="ReadData">
<arguments>
<arg>${Sheetname}</arg>
<arg>${row}</arg>
<arg>${cell}</arg>
</arguments>
<assign>
<var>${celldata}</var>
</assign>
<msg timestamp="20200205 08:59:23.028" level="INFO">${celldata} = pass4</msg>
<status status="PASS" starttime="20200205 08:59:23.024" endtime="20200205 08:59:23.028"></status>
</kw>
<msg timestamp="20200205 08:59:23.028" level="INFO">${password} = pass4</msg>
<status status="PASS" starttime="20200205 08:59:23.024" endtime="20200205 08:59:23.028"></status>
</kw>
<kw name="Input Text" library="SeleniumLibrary">
<doc>Types the given ``text`` into the text field identified by ``locator``.</doc>
<arguments>
<arg>id:username</arg>
<arg>${username}</arg>
</arguments>
<msg timestamp="20200205 08:59:23.028" level="INFO">Typing text 'user4' into text field 'id:username'.</msg>
<status status="PASS" starttime="20200205 08:59:23.028" endtime="20200205 08:59:23.235"></status>
</kw>
<kw name="Input Text" library="SeleniumLibrary">
<doc>Types the given ``text`` into the text field identified by ``locator``.</doc>
<arguments>
<arg>id:password</arg>
<arg>${password}</arg>
</arguments>
<msg timestamp="20200205 08:59:23.235" level="INFO">Typing text 'pass4' into text field 'id:password'.</msg>
<status status="PASS" starttime="20200205 08:59:23.235" endtime="20200205 08:59:23.403"></status>
</kw>
<kw name="Click Button" library="SeleniumLibrary">
<doc>Clicks the button identified by ``locator``.</doc>
<arguments>
<arg>xpath://button[@type='submit']</arg>
</arguments>
<msg timestamp="20200205 08:59:23.407" level="INFO">Clicking button 'xpath://button[@type='submit']'.</msg>
<status status="PASS" starttime="20200205 08:59:23.407" endtime="20200205 08:59:24.310"></status>
</kw>
<kw name="Sleep" library="BuiltIn">
<doc>Pauses the test executed for the given time.</doc>
<arguments>
<arg>5 seconds</arg>
</arguments>
<msg timestamp="20200205 08:59:29.312" level="INFO">Slept 5 seconds</msg>
<status status="PASS" starttime="20200205 08:59:24.310" endtime="20200205 08:59:29.312"></status>
</kw>
<status status="PASS" starttime="20200205 08:59:23.020" endtime="20200205 08:59:29.312"></status>
</kw>
<status status="PASS" starttime="20200205 08:59:03.483" endtime="20200205 08:59:29.312"></status>
</kw>
<status status="PASS" starttime="20200205 08:58:50.280" endtime="20200205 08:59:29.312" critical="yes"></status>
</test>
<status status="PASS" starttime="20200205 08:58:44.046" endtime="20200205 08:59:29.312"></status>
</suite>
<suite id="s1-s1-s2" name="TC 002" source="C:\Users\Andre\PycharmProjects\RobotAutomation\Test Cases\LoginTC\TC_002.robot">
<kw name="Before Each Test Suite" library="Resources1" type="setup">
<kw name="Log" library="BuiltIn">
<doc>Logs the given message with the given level.</doc>
<arguments>
<arg>Before Each Test Suite</arg>
</arguments>
<msg timestamp="20200205 08:59:29.454" level="INFO">Before Each Test Suite</msg>
<status status="PASS" starttime="20200205 08:59:29.454" endtime="20200205 08:59:29.454"></status>
</kw>
<status status="PASS" starttime="20200205 08:59:29.454" endtime="20200205 08:59:29.454"></status>
</kw>
<test id="s1-s1-s2-t1" name="TC_001 Variable Test">
<kw name="Start Browser and Maximize" library="Resources1" type="setup">
<kw name="Open Browser" library="SeleniumLibrary">
<doc>Opens a new browser instance to the optional ``url``.</doc>
<arguments>
<arg>http://thetestingworld.com/testings</arg>
<arg>Chrome</arg>
</arguments>
<msg timestamp="20200205 08:59:29.458" level="INFO">Opening browser 'Chrome' to base url 'http://thetestingworld.com/testings'.</msg>
<status status="PASS" starttime="20200205 08:59:29.458" endtime="20200205 08:59:45.371"></status>
</kw>
<kw name="Maximize Browser Window" library="SeleniumLibrary">
<doc>Maximizes current browser window.</doc>
<status status="PASS" starttime="20200205 08:59:45.375" endtime="20200205 08:59:46.555"></status>
</kw>
<status status="PASS" starttime="20200205 08:59:29.458" endtime="20200205 08:59:46.555"></status>
</kw>
<kw name="Input Text" library="SeleniumLibrary">
<doc>Types the given ``text`` into the text field identified by ``locator``.</doc>
<arguments>
<arg>name:fld_username</arg>
<arg>Testing</arg>
</arguments>
<msg timestamp="20200205 08:59:46.555" level="INFO">Typing text 'Testing' into text field 'name:fld_username'.</msg>
<status status="PASS" starttime="20200205 08:59:46.555" endtime="20200205 08:59:46.730"></status>
</kw>
<kw name="Input Text" library="SeleniumLibrary">
<doc>Types the given ``text`` into the text field identified by ``locator``.</doc>
<arguments>
<arg>name:fld_email</arg>
<arg>testingworldindia@gemail.com</arg>
</arguments>
<msg timestamp="20200205 08:59:46.730" level="INFO">Typing text 'testingworldindia@gemail.com' into text field 'name:fld_email'.</msg>
<status status="PASS" starttime="20200205 08:59:46.730" endtime="20200205 08:59:47.026"></status>
</kw>
<kw name="Input Text" library="SeleniumLibrary">
<doc>Types the given ``text`` into the text field identified by ``locator``.</doc>
<arguments>
<arg>name:fld_password</arg>
<arg>1234</arg>
</arguments>
<msg timestamp="20200205 08:59:47.030" level="INFO">Typing text '1234' into text field 'name:fld_password'.</msg>
<status status="PASS" starttime="20200205 08:59:47.030" endtime="20200205 08:59:47.155"></status>
</kw>
<kw name="Close Browser Window" library="Resources1" type="teardown">
<kw name="Get Title" library="SeleniumLibrary">
<doc>Returns the title of the current page.</doc>
<assign>
<var>${Title}</var>
</assign>
<msg timestamp="20200205 08:59:47.163" level="INFO">${Title} = Login &amp; Sign Up Forms</msg>
<status status="PASS" starttime="20200205 08:59:47.155" endtime="20200205 08:59:47.163"></status>
</kw>
<kw name="Log" library="BuiltIn">
<doc>Logs the given message with the given level.</doc>
<arguments>
<arg>${Title}</arg>
</arguments>
<msg timestamp="20200205 08:59:47.163" level="INFO">Login &amp; Sign Up Forms</msg>
<status status="PASS" starttime="20200205 08:59:47.163" endtime="20200205 08:59:47.163"></status>
</kw>
<kw name="Close Browser" library="SeleniumLibrary">
<doc>Closes the current browser.</doc>
<status status="PASS" starttime="20200205 08:59:47.163" endtime="20200205 08:59:49.734"></status>
</kw>
<status status="PASS" starttime="20200205 08:59:47.155" endtime="20200205 08:59:49.734"></status>
</kw>
<status status="PASS" starttime="20200205 08:59:29.454" endtime="20200205 08:59:49.734" critical="yes"></status>
</test>
<kw name="After Each Test Suite" library="Resources1" type="teardown">
<kw name="Log" library="BuiltIn">
<doc>Logs the given message with the given level.</doc>
<arguments>
<arg>After Each Test Suite</arg>
</arguments>
<msg timestamp="20200205 08:59:49.738" level="INFO">After Each Test Suite</msg>
<status status="PASS" starttime="20200205 08:59:49.738" endtime="20200205 08:59:49.738"></status>
</kw>
<status status="PASS" starttime="20200205 08:59:49.738" endtime="20200205 08:59:49.738"></status>
</kw>
<status status="PASS" starttime="20200205 08:59:29.316" endtime="20200205 08:59:49.738"></status>
</suite>
<suite id="s1-s1-s3" name="TC 003" source="C:\Users\Andre\PycharmProjects\RobotAutomation\Test Cases\LoginTC\TC_003.robot">
<kw name="Before Each Test Suite" library="Resources1" type="setup">
<kw name="Log" library="BuiltIn">
<doc>Logs the given message with the given level.</doc>
<arguments>
<arg>Before Each Test Suite</arg>
</arguments>
<msg timestamp="20200205 08:59:49.817" level="INFO">Before Each Test Suite</msg>
<status status="PASS" starttime="20200205 08:59:49.817" endtime="20200205 08:59:49.817"></status>
</kw>
<status status="PASS" starttime="20200205 08:59:49.817" endtime="20200205 08:59:49.817"></status>
</kw>
<test id="s1-s1-s3-t1" name="TC_001">
<tags>
<tag>ALL_TC</tag>
<tag>DFLT</tag>
</tags>
<status status="FAIL" starttime="20200205 08:59:49.817" endtime="20200205 08:59:49.817" critical="yes">Test case contains no keywords.</status>
</test>
<test id="s1-s1-s3-t2" name="Open Browser">
<kw name="Start Browser and Maximize" library="Resources1" type="setup">
<kw name="Open Browser" library="SeleniumLibrary">
<doc>Opens a new browser instance to the optional ``url``.</doc>
<arguments>
<arg>http://thetestingworld.com/testings</arg>
<arg>Chrome</arg>
</arguments>
<msg timestamp="20200205 08:59:49.821" level="INFO">Opening browser 'Chrome' to base url 'http://thetestingworld.com/testings'.</msg>
<status status="PASS" starttime="20200205 08:59:49.821" endtime="20200205 08:59:57.073"></status>
</kw>
<kw name="Maximize Browser Window" library="SeleniumLibrary">
<doc>Maximizes current browser window.</doc>
<status status="PASS" starttime="20200205 08:59:57.073" endtime="20200205 08:59:58.211"></status>
</kw>
<status status="PASS" starttime="20200205 08:59:49.821" endtime="20200205 08:59:58.211"></status>
</kw>
<kw name="https://www.thetestingworld.com/testings/">
<arguments>
<arg>${BROWSER}</arg>
</arguments>
<msg timestamp="20200205 08:59:58.223" level="FAIL">No keyword with name 'https://www.thetestingworld.com/testings/' found.</msg>
<status status="FAIL" starttime="20200205 08:59:58.223" endtime="20200205 08:59:58.223"></status>
</kw>
<kw name="Close Browser Window" library="Resources1" type="teardown">
<kw name="Get Title" library="SeleniumLibrary">
<doc>Returns the title of the current page.</doc>
<assign>
<var>${Title}</var>
</assign>
<msg timestamp="20200205 08:59:58.235" level="INFO">${Title} = Login &amp; Sign Up Forms</msg>
<status status="PASS" starttime="20200205 08:59:58.227" endtime="20200205 08:59:58.235"></status>
</kw>
<kw name="Log" library="BuiltIn">
<doc>Logs the given message with the given level.</doc>
<arguments>
<arg>${Title}</arg>
</arguments>
<msg timestamp="20200205 08:59:58.235" level="INFO">Login &amp; Sign Up Forms</msg>
<status status="PASS" starttime="20200205 08:59:58.235" endtime="20200205 08:59:58.235"></status>
</kw>
<kw name="Close Browser" library="SeleniumLibrary">
<doc>Closes the current browser.</doc>
<status status="PASS" starttime="20200205 08:59:58.235" endtime="20200205 09:00:00.622"></status>
</kw>
<status status="PASS" starttime="20200205 08:59:58.223" endtime="20200205 09:00:00.622"></status>
</kw>
<tags>
<tag>ALL_TC</tag>
<tag>DFLT</tag>
</tags>
<status status="FAIL" starttime="20200205 08:59:49.821" endtime="20200205 09:00:00.622" critical="yes">No keyword with name 'https://www.thetestingworld.com/testings/' found.</status>
</test>
<test id="s1-s1-s3-t3" name="Input Text">
<kw name="Start Browser and Maximize" library="Resources1" type="setup">
<kw name="Open Browser" library="SeleniumLibrary">
<doc>Opens a new browser instance to the optional ``url``.</doc>
<arguments>
<arg>http://thetestingworld.com/testings</arg>
<arg>Chrome</arg>
</arguments>
<msg timestamp="20200205 09:00:00.634" level="INFO">Opening browser 'Chrome' to base url 'http://thetestingworld.com/testings'.</msg>
<status status="PASS" starttime="20200205 09:00:00.634" endtime="20200205 09:00:06.778"></status>
</kw>
<kw name="Maximize Browser Window" library="SeleniumLibrary">
<doc>Maximizes current browser window.</doc>
<status status="PASS" starttime="20200205 09:00:06.778" endtime="20200205 09:00:07.936"></status>
</kw>
<status status="PASS" starttime="20200205 09:00:00.634" endtime="20200205 09:00:07.940"></status>
</kw>
<kw name="//input[@name=&quot;fld_username&quot;]">
<arguments>
<arg>testing</arg>
</arguments>
<msg timestamp="20200205 09:00:07.941" level="FAIL">No keyword with name '//input[@name="fld_username"]' found.</msg>
<status status="FAIL" starttime="20200205 09:00:07.941" endtime="20200205 09:00:07.941"></status>
</kw>
<kw name="Close Browser Window" library="Resources1" type="teardown">
<kw name="Get Title" library="SeleniumLibrary">
<doc>Returns the title of the current page.</doc>
<assign>
<var>${Title}</var>
</assign>
<msg timestamp="20200205 09:00:07.941" level="INFO">${Title} = Login &amp; Sign Up Forms</msg>
<status status="PASS" starttime="20200205 09:00:07.941" endtime="20200205 09:00:07.941"></status>
</kw>
<kw name="Log" library="BuiltIn">
<doc>Logs the given message with the given level.</doc>
<arguments>
<arg>${Title}</arg>
</arguments>
<msg timestamp="20200205 09:00:07.941" level="INFO">Login &amp; Sign Up Forms</msg>
<status status="PASS" starttime="20200205 09:00:07.941" endtime="20200205 09:00:07.956"></status>
</kw>
<kw name="Close Browser" library="SeleniumLibrary">
<doc>Closes the current browser.</doc>
<status status="PASS" starttime="20200205 09:00:07.956" endtime="20200205 09:00:10.278"></status>
</kw>
<status status="PASS" starttime="20200205 09:00:07.941" endtime="20200205 09:00:10.278"></status>
</kw>
<tags>
<tag>ALL_TC</tag>
<tag>DFLT</tag>
</tags>
<status status="FAIL" starttime="20200205 09:00:00.630" endtime="20200205 09:00:10.286" critical="yes">No keyword with name '//input[@name="fld_username"]' found.</status>
</test>
<test id="s1-s1-s3-t4" name="Input Text">
<kw name="Start Browser and Maximize" library="Resources1" type="setup">
<kw name="Open Browser" library="SeleniumLibrary">
<doc>Opens a new browser instance to the optional ``url``.</doc>
<arguments>
<arg>http://thetestingworld.com/testings</arg>
<arg>Chrome</arg>
</arguments>
<msg timestamp="20200205 09:00:10.298" level="INFO">Opening browser 'Chrome' to base url 'http://thetestingworld.com/testings'.</msg>
<status status="PASS" starttime="20200205 09:00:10.298" endtime="20200205 09:00:21.287"></status>
</kw>
<kw name="Maximize Browser Window" library="SeleniumLibrary">
<doc>Maximizes current browser window.</doc>
<status status="PASS" starttime="20200205 09:00:21.287" endtime="20200205 09:00:22.515"></status>
</kw>
<status status="PASS" starttime="20200205 09:00:10.294" endtime="20200205 09:00:22.515"></status>
</kw>
<kw name="//input[@name=&quot;fld_email&quot;]">
<arguments>
<arg>testing@abcd.com</arg>
</arguments>
<msg timestamp="20200205 09:00:22.523" level="FAIL">No keyword with name '//input[@name="fld_email"]' found.</msg>
<status status="FAIL" starttime="20200205 09:00:22.523" endtime="20200205 09:00:22.523"></status>
</kw>
<kw name="Close Browser Window" library="Resources1" type="teardown">
<kw name="Get Title" library="SeleniumLibrary">
<doc>Returns the title of the current page.</doc>
<assign>
<var>${Title}</var>
</assign>
<msg timestamp="20200205 09:00:22.535" level="INFO">${Title} = Login &amp; Sign Up Forms</msg>
<status status="PASS" starttime="20200205 09:00:22.527" endtime="20200205 09:00:22.535"></status>
</kw>
<kw name="Log" library="BuiltIn">
<doc>Logs the given message with the given level.</doc>
<arguments>
<arg>${Title}</arg>
</arguments>
<msg timestamp="20200205 09:00:22.535" level="INFO">Login &amp; Sign Up Forms</msg>
<status status="PASS" starttime="20200205 09:00:22.535" endtime="20200205 09:00:22.535"></status>
</kw>
<kw name="Close Browser" library="SeleniumLibrary">
<doc>Closes the current browser.</doc>
<status status="PASS" starttime="20200205 09:00:22.535" endtime="20200205 09:00:25.050"></status>
</kw>
<status status="PASS" starttime="20200205 09:00:22.527" endtime="20200205 09:00:25.050"></status>
</kw>
<tags>
<tag>ALL_TC</tag>
<tag>DFLT</tag>
</tags>
<status status="FAIL" starttime="20200205 09:00:10.294" endtime="20200205 09:00:25.050" critical="yes">No keyword with name '//input[@name="fld_email"]' found.</status>
</test>
<test id="s1-s1-s3-t5" name="Input Text">
<kw name="Start Browser and Maximize" library="Resources1" type="setup">
<kw name="Open Browser" library="SeleniumLibrary">
<doc>Opens a new browser instance to the optional ``url``.</doc>
<arguments>
<arg>http://thetestingworld.com/testings</arg>
<arg>Chrome</arg>
</arguments>
<msg timestamp="20200205 09:00:25.066" level="INFO">Opening browser 'Chrome' to base url 'http://thetestingworld.com/testings'.</msg>
<status status="PASS" starttime="20200205 09:00:25.066" endtime="20200205 09:00:38.093"></status>
</kw>
<kw name="Maximize Browser Window" library="SeleniumLibrary">
<doc>Maximizes current browser window.</doc>
<status status="PASS" starttime="20200205 09:00:38.093" endtime="20200205 09:00:39.297"></status>
</kw>
<status status="PASS" starttime="20200205 09:00:25.066" endtime="20200205 09:00:39.301"></status>
</kw>
<kw name="//input[@name=&quot;fld_password&quot;]">
<arguments>
<arg>***</arg>
</arguments>
<msg timestamp="20200205 09:00:39.317" level="FAIL">No keyword with name '//input[@name="fld_password"]' found.</msg>
<status status="FAIL" starttime="20200205 09:00:39.317" endtime="20200205 09:00:39.317"></status>
</kw>
<kw name="Close Browser Window" library="Resources1" type="teardown">
<kw name="Get Title" library="SeleniumLibrary">
<doc>Returns the title of the current page.</doc>
<assign>
<var>${Title}</var>
</assign>
<msg timestamp="20200205 09:00:39.341" level="INFO">${Title} = Login &amp; Sign Up Forms</msg>
<status status="PASS" starttime="20200205 09:00:39.317" endtime="20200205 09:00:39.341"></status>
</kw>
<kw name="Log" library="BuiltIn">
<doc>Logs the given message with the given level.</doc>
<arguments>
<arg>${Title}</arg>
</arguments>
<msg timestamp="20200205 09:00:39.341" level="INFO">Login &amp; Sign Up Forms</msg>
<status status="PASS" starttime="20200205 09:00:39.341" endtime="20200205 09:00:39.345"></status>
</kw>
<kw name="Close Browser" library="SeleniumLibrary">
<doc>Closes the current browser.</doc>
<status status="PASS" starttime="20200205 09:00:39.345" endtime="20200205 09:00:41.788"></status>
</kw>
<status status="PASS" starttime="20200205 09:00:39.317" endtime="20200205 09:00:41.788"></status>
</kw>
<tags>
<tag>ALL_TC</tag>
<tag>DFLT</tag>
</tags>
<status status="FAIL" starttime="20200205 09:00:25.062" endtime="20200205 09:00:41.788" critical="yes">No keyword with name '//input[@name="fld_password"]' found.</status>
</test>
<test id="s1-s1-s3-t6" name="Click Element">
<kw name="Start Browser and Maximize" library="Resources1" type="setup">
<kw name="Open Browser" library="SeleniumLibrary">
<doc>Opens a new browser instance to the optional ``url``.</doc>
<arguments>
<arg>http://thetestingworld.com/testings</arg>
<arg>Chrome</arg>
</arguments>
<msg timestamp="20200205 09:00:41.808" level="INFO">Opening browser 'Chrome' to base url 'http://thetestingworld.com/testings'.</msg>
<status status="PASS" starttime="20200205 09:00:41.808" endtime="20200205 09:00:51.202"></status>
</kw>
<kw name="Maximize Browser Window" library="SeleniumLibrary">
<doc>Maximizes current browser window.</doc>
<status status="PASS" starttime="20200205 09:00:51.206" endtime="20200205 09:00:52.346"></status>
</kw>
<status status="PASS" starttime="20200205 09:00:41.804" endtime="20200205 09:00:52.346"></status>
</kw>
<kw name="xpath=(//td[@class=&quot; &quot;])[20]">
<msg timestamp="20200205 09:00:52.354" level="FAIL">No keyword with name 'xpath=(//td[@class=" "])[20]' found.</msg>
<status status="FAIL" starttime="20200205 09:00:52.354" endtime="20200205 09:00:52.354"></status>
</kw>
<kw name="Close Browser Window" library="Resources1" type="teardown">
<kw name="Get Title" library="SeleniumLibrary">
<doc>Returns the title of the current page.</doc>
<assign>
<var>${Title}</var>
</assign>
<msg timestamp="20200205 09:00:52.362" level="INFO">${Title} = Login &amp; Sign Up Forms</msg>
<status status="PASS" starttime="20200205 09:00:52.354" endtime="20200205 09:00:52.366"></status>
</kw>
<kw name="Log" library="BuiltIn">
<doc>Logs the given message with the given level.</doc>
<arguments>
<arg>${Title}</arg>
</arguments>
<msg timestamp="20200205 09:00:52.366" level="INFO">Login &amp; Sign Up Forms</msg>
<status status="PASS" starttime="20200205 09:00:52.366" endtime="20200205 09:00:52.366"></status>
</kw>
<kw name="Close Browser" library="SeleniumLibrary">
<doc>Closes the current browser.</doc>
<status status="PASS" starttime="20200205 09:00:52.366" endtime="20200205 09:00:54.829"></status>
</kw>
<status status="PASS" starttime="20200205 09:00:52.354" endtime="20200205 09:00:54.829"></status>
</kw>
<tags>
<tag>ALL_TC</tag>
<tag>DFLT</tag>
</tags>
<status status="FAIL" starttime="20200205 09:00:41.800" endtime="20200205 09:00:54.829" critical="yes">No keyword with name 'xpath=(//td[@class=" "])[20]' found.</status>
</test>
<test id="s1-s1-s3-t7" name="Input Text">
<kw name="Start Browser and Maximize" library="Resources1" type="setup">
<kw name="Open Browser" library="SeleniumLibrary">
<doc>Opens a new browser instance to the optional ``url``.</doc>
<arguments>
<arg>http://thetestingworld.com/testings</arg>
<arg>Chrome</arg>
</arguments>
<msg timestamp="20200205 09:00:54.837" level="INFO">Opening browser 'Chrome' to base url 'http://thetestingworld.com/testings'.</msg>
<status status="PASS" starttime="20200205 09:00:54.833" endtime="20200205 09:01:04.865"></status>
</kw>
<kw name="Maximize Browser Window" library="SeleniumLibrary">
<doc>Maximizes current browser window.</doc>
<status status="PASS" starttime="20200205 09:01:04.865" endtime="20200205 09:01:06.001"></status>
</kw>
<status status="PASS" starttime="20200205 09:00:54.833" endtime="20200205 09:01:06.001"></status>
</kw>
<kw name="//input[@name=&quot;phone&quot;]">
<arguments>
<arg>54775677456</arg>
</arguments>
<msg timestamp="20200205 09:01:06.032" level="FAIL">No keyword with name '//input[@name="phone"]' found.</msg>
<status status="FAIL" starttime="20200205 09:01:06.032" endtime="20200205 09:01:06.032"></status>
</kw>
<kw name="Close Browser Window" library="Resources1" type="teardown">
<kw name="Get Title" library="SeleniumLibrary">
<doc>Returns the title of the current page.</doc>
<assign>
<var>${Title}</var>
</assign>
<msg timestamp="20200205 09:01:06.040" level="INFO">${Title} = Login &amp; Sign Up Forms</msg>
<status status="PASS" starttime="20200205 09:01:06.032" endtime="20200205 09:01:06.040"></status>
</kw>
<kw name="Log" library="BuiltIn">
<doc>Logs the given message with the given level.</doc>
<arguments>
<arg>${Title}</arg>
</arguments>
<msg timestamp="20200205 09:01:06.045" level="INFO">Login &amp; Sign Up Forms</msg>
<status status="PASS" starttime="20200205 09:01:06.040" endtime="20200205 09:01:06.045"></status>
</kw>
<kw name="Close Browser" library="SeleniumLibrary">
<doc>Closes the current browser.</doc>
<status status="PASS" starttime="20200205 09:01:06.045" endtime="20200205 09:01:08.826"></status>
</kw>
<status status="PASS" starttime="20200205 09:01:06.032" endtime="20200205 09:01:08.826"></status>
</kw>
<tags>
<tag>ALL_TC</tag>
<tag>DFLT</tag>
</tags>
<status status="FAIL" starttime="20200205 09:00:54.833" endtime="20200205 09:01:08.830" critical="yes">No keyword with name '//input[@name="phone"]' found.</status>
</test>
<test id="s1-s1-s3-t8" name="Input Text">
<kw name="Start Browser and Maximize" library="Resources1" type="setup">
<kw name="Open Browser" library="SeleniumLibrary">
<doc>Opens a new browser instance to the optional ``url``.</doc>
<arguments>
<arg>http://thetestingworld.com/testings</arg>
<arg>Chrome</arg>
</arguments>
<msg timestamp="20200205 09:01:08.838" level="INFO">Opening browser 'Chrome' to base url 'http://thetestingworld.com/testings'.</msg>
<status status="PASS" starttime="20200205 09:01:08.838" endtime="20200205 09:01:16.467"></status>
</kw>
<kw name="Maximize Browser Window" library="SeleniumLibrary">
<doc>Maximizes current browser window.</doc>
<status status="PASS" starttime="20200205 09:01:16.467" endtime="20200205 09:01:17.670"></status>
</kw>
<status status="PASS" starttime="20200205 09:01:08.838" endtime="20200205 09:01:17.670"></status>
</kw>
<kw name="//input[@name=&quot;address&quot;]">
<arguments>
<arg>tewt@gmail.com</arg>
</arguments>
<msg timestamp="20200205 09:01:17.698" level="FAIL">No keyword with name '//input[@name="address"]' found.</msg>
<status status="FAIL" starttime="20200205 09:01:17.698" endtime="20200205 09:01:17.698"></status>
</kw>
<kw name="Close Browser Window" library="Resources1" type="teardown">
<kw name="Get Title" library="SeleniumLibrary">
<doc>Returns the title of the current page.</doc>
<assign>
<var>${Title}</var>
</assign>
<msg timestamp="20200205 09:01:17.722" level="INFO">${Title} = Login &amp; Sign Up Forms</msg>
<status status="PASS" starttime="20200205 09:01:17.702" endtime="20200205 09:01:17.722"></status>
</kw>
<kw name="Log" library="BuiltIn">
<doc>Logs the given message with the given level.</doc>
<arguments>
<arg>${Title}</arg>
</arguments>
<msg timestamp="20200205 09:01:17.726" level="INFO">Login &amp; Sign Up Forms</msg>
<status status="PASS" starttime="20200205 09:01:17.722" endtime="20200205 09:01:17.726"></status>
</kw>
<kw name="Close Browser" library="SeleniumLibrary">
<doc>Closes the current browser.</doc>
<status status="PASS" starttime="20200205 09:01:17.726" endtime="20200205 09:01:20.436"></status>
</kw>
<status status="PASS" starttime="20200205 09:01:17.702" endtime="20200205 09:01:20.436"></status>
</kw>
<tags>
<tag>ALL_TC</tag>
<tag>DFLT</tag>
</tags>
<status status="FAIL" starttime="20200205 09:01:08.838" endtime="20200205 09:01:20.436" critical="yes">No keyword with name '//input[@name="address"]' found.</status>
</test>
<test id="s1-s1-s3-t9" name="Click Element">
<kw name="Start Browser and Maximize" library="Resources1" type="setup">
<kw name="Open Browser" library="SeleniumLibrary">
<doc>Opens a new browser instance to the optional ``url``.</doc>
<arguments>
<arg>http://thetestingworld.com/testings</arg>
<arg>Chrome</arg>
</arguments>
<msg timestamp="20200205 09:01:20.440" level="INFO">Opening browser 'Chrome' to base url 'http://thetestingworld.com/testings'.</msg>
<status status="PASS" starttime="20200205 09:01:20.440" endtime="20200205 09:01:28.032"></status>
</kw>
<kw name="Maximize Browser Window" library="SeleniumLibrary">
<doc>Maximizes current browser window.</doc>
<status status="PASS" starttime="20200205 09:01:28.032" endtime="20200205 09:01:29.214"></status>
</kw>
<status status="PASS" starttime="20200205 09:01:20.440" endtime="20200205 09:01:29.214"></status>
</kw>
<kw name="//input[@name=&quot;add_type&quot;]">
<msg timestamp="20200205 09:01:29.222" level="FAIL">No keyword with name '//input[@name="add_type"]' found.</msg>
<status status="FAIL" starttime="20200205 09:01:29.222" endtime="20200205 09:01:29.222"></status>
</kw>
<kw name="Close Browser Window" library="Resources1" type="teardown">
<kw name="Get Title" library="SeleniumLibrary">
<doc>Returns the title of the current page.</doc>
<assign>
<var>${Title}</var>
</assign>
<msg timestamp="20200205 09:01:29.234" level="INFO">${Title} = Login &amp; Sign Up Forms</msg>
<status status="PASS" starttime="20200205 09:01:29.222" endtime="20200205 09:01:29.234"></status>
</kw>
<kw name="Log" library="BuiltIn">
<doc>Logs the given message with the given level.</doc>
<arguments>
<arg>${Title}</arg>
</arguments>
<msg timestamp="20200205 09:01:29.234" level="INFO">Login &amp; Sign Up Forms</msg>
<status status="PASS" starttime="20200205 09:01:29.234" endtime="20200205 09:01:29.234"></status>
</kw>
<kw name="Close Browser" library="SeleniumLibrary">
<doc>Closes the current browser.</doc>
<status status="PASS" starttime="20200205 09:01:29.234" endtime="20200205 09:01:31.514"></status>
</kw>
<status status="PASS" starttime="20200205 09:01:29.222" endtime="20200205 09:01:31.514"></status>
</kw>
<tags>
<tag>ALL_TC</tag>
<tag>DFLT</tag>
</tags>
<status status="FAIL" starttime="20200205 09:01:20.440" endtime="20200205 09:01:31.514" critical="yes">No keyword with name '//input[@name="add_type"]' found.</status>
</test>
<test id="s1-s1-s3-t10" name="Select From List By Value">
<kw name="Start Browser and Maximize" library="Resources1" type="setup">
<kw name="Open Browser" library="SeleniumLibrary">
<doc>Opens a new browser instance to the optional ``url``.</doc>
<arguments>
<arg>http://thetestingworld.com/testings</arg>
<arg>Chrome</arg>
</arguments>
<msg timestamp="20200205 09:01:31.526" level="INFO">Opening browser 'Chrome' to base url 'http://thetestingworld.com/testings'.</msg>
<status status="PASS" starttime="20200205 09:01:31.522" endtime="20200205 09:01:39.914"></status>
</kw>
<kw name="Maximize Browser Window" library="SeleniumLibrary">
<doc>Maximizes current browser window.</doc>
<status status="PASS" starttime="20200205 09:01:39.914" endtime="20200205 09:01:41.087"></status>
</kw>
<status status="PASS" starttime="20200205 09:01:31.522" endtime="20200205 09:01:41.092"></status>
</kw>
<kw name="//select[@name=&quot;sex&quot;]">
<arguments>
<arg>2</arg>
</arguments>
<msg timestamp="20200205 09:01:41.108" level="FAIL">No keyword with name '//select[@name="sex"]' found.</msg>
<status status="FAIL" starttime="20200205 09:01:41.108" endtime="20200205 09:01:41.108"></status>
</kw>
<kw name="Close Browser Window" library="Resources1" type="teardown">
<kw name="Get Title" library="SeleniumLibrary">
<doc>Returns the title of the current page.</doc>
<assign>
<var>${Title}</var>
</assign>
<msg timestamp="20200205 09:01:41.132" level="INFO">${Title} = Login &amp; Sign Up Forms</msg>
<status status="PASS" starttime="20200205 09:01:41.112" endtime="20200205 09:01:41.132"></status>
</kw>
<kw name="Log" library="BuiltIn">
<doc>Logs the given message with the given level.</doc>
<arguments>
<arg>${Title}</arg>
</arguments>
<msg timestamp="20200205 09:01:41.132" level="INFO">Login &amp; Sign Up Forms</msg>
<status status="PASS" starttime="20200205 09:01:41.132" endtime="20200205 09:01:41.132"></status>
</kw>
<kw name="Close Browser" library="SeleniumLibrary">
<doc>Closes the current browser.</doc>
<status status="PASS" starttime="20200205 09:01:41.132" endtime="20200205 09:01:44.492"></status>
</kw>
<status status="PASS" starttime="20200205 09:01:41.112" endtime="20200205 09:01:44.492"></status>
</kw>
<tags>
<tag>ALL_TC</tag>
<tag>DFLT</tag>
</tags>
<status status="FAIL" starttime="20200205 09:01:31.522" endtime="20200205 09:01:44.492" critical="yes">No keyword with name '//select[@name="sex"]' found.</status>
</test>
<test id="s1-s1-s3-t11" name="Select From List By Value">
<kw name="Start Browser and Maximize" library="Resources1" type="setup">
<kw name="Open Browser" library="SeleniumLibrary">
<doc>Opens a new browser instance to the optional ``url``.</doc>
<arguments>
<arg>http://thetestingworld.com/testings</arg>
<arg>Chrome</arg>
</arguments>
<msg timestamp="20200205 09:01:44.492" level="INFO">Opening browser 'Chrome' to base url 'http://thetestingworld.com/testings'.</msg>
<status status="PASS" starttime="20200205 09:01:44.492" endtime="20200205 09:01:52.077"></status>
</kw>
<kw name="Maximize Browser Window" library="SeleniumLibrary">
<doc>Maximizes current browser window.</doc>
<status status="PASS" starttime="20200205 09:01:52.077" endtime="20200205 09:01:53.297"></status>
</kw>
<status status="PASS" starttime="20200205 09:01:44.492" endtime="20200205 09:01:53.297"></status>
</kw>
<kw name="//select[@name=&quot;country&quot;]">
<arguments>
<arg>19</arg>
</arguments>
<msg timestamp="20200205 09:01:53.305" level="FAIL">No keyword with name '//select[@name="country"]' found.</msg>
<status status="FAIL" starttime="20200205 09:01:53.305" endtime="20200205 09:01:53.305"></status>
</kw>
<kw name="Close Browser Window" library="Resources1" type="teardown">
<kw name="Get Title" library="SeleniumLibrary">
<doc>Returns the title of the current page.</doc>
<assign>
<var>${Title}</var>
</assign>
<msg timestamp="20200205 09:01:53.317" level="INFO">${Title} = Login &amp; Sign Up Forms</msg>
<status status="PASS" starttime="20200205 09:01:53.305" endtime="20200205 09:01:53.317"></status>
</kw>
<kw name="Log" library="BuiltIn">
<doc>Logs the given message with the given level.</doc>
<arguments>
<arg>${Title}</arg>
</arguments>
<msg timestamp="20200205 09:01:53.317" level="INFO">Login &amp; Sign Up Forms</msg>
<status status="PASS" starttime="20200205 09:01:53.317" endtime="20200205 09:01:53.317"></status>
</kw>
<kw name="Close Browser" library="SeleniumLibrary">
<doc>Closes the current browser.</doc>
<status status="PASS" starttime="20200205 09:01:53.317" endtime="20200205 09:01:55.833"></status>
</kw>
<status status="PASS" starttime="20200205 09:01:53.305" endtime="20200205 09:01:55.833"></status>
</kw>
<tags>
<tag>ALL_TC</tag>
<tag>DFLT</tag>
</tags>
<status status="FAIL" starttime="20200205 09:01:44.492" endtime="20200205 09:01:55.833" critical="yes">No keyword with name '//select[@name="country"]' found.</status>
</test>
<test id="s1-s1-s3-t12" name="Click Element">
<kw name="Start Browser and Maximize" library="Resources1" type="setup">
<kw name="Open Browser" library="SeleniumLibrary">
<doc>Opens a new browser instance to the optional ``url``.</doc>
<arguments>
<arg>http://thetestingworld.com/testings</arg>
<arg>Chrome</arg>
</arguments>
<msg timestamp="20200205 09:01:55.845" level="INFO">Opening browser 'Chrome' to base url 'http://thetestingworld.com/testings'.</msg>
<status status="PASS" starttime="20200205 09:01:55.841" endtime="20200205 09:02:03.467"></status>
</kw>
<kw name="Maximize Browser Window" library="SeleniumLibrary">
<doc>Maximizes current browser window.</doc>
<status status="PASS" starttime="20200205 09:02:03.467" endtime="20200205 09:02:04.678"></status>
</kw>
<status status="PASS" starttime="20200205 09:01:55.841" endtime="20200205 09:02:04.678"></status>
</kw>
<kw name="//form[@name=&quot;register&quot;]">
<msg timestamp="20200205 09:02:04.678" level="FAIL">No keyword with name '//form[@name="register"]' found.</msg>
<status status="FAIL" starttime="20200205 09:02:04.678" endtime="20200205 09:02:04.678"></status>
</kw>
<kw name="Close Browser Window" library="Resources1" type="teardown">
<kw name="Get Title" library="SeleniumLibrary">
<doc>Returns the title of the current page.</doc>
<assign>
<var>${Title}</var>
</assign>
<msg timestamp="20200205 09:02:04.698" level="INFO">${Title} = Login &amp; Sign Up Forms</msg>
<status status="PASS" starttime="20200205 09:02:04.678" endtime="20200205 09:02:04.698"></status>
</kw>
<kw name="Log" library="BuiltIn">
<doc>Logs the given message with the given level.</doc>
<arguments>
<arg>${Title}</arg>
</arguments>
<msg timestamp="20200205 09:02:04.698" level="INFO">Login &amp; Sign Up Forms</msg>
<status status="PASS" starttime="20200205 09:02:04.698" endtime="20200205 09:02:04.698"></status>
</kw>
<kw name="Close Browser" library="SeleniumLibrary">
<doc>Closes the current browser.</doc>
<status status="PASS" starttime="20200205 09:02:04.698" endtime="20200205 09:02:07.962"></status>
</kw>
<status status="PASS" starttime="20200205 09:02:04.678" endtime="20200205 09:02:07.962"></status>
</kw>
<tags>
<tag>ALL_TC</tag>
<tag>DFLT</tag>
</tags>
<status status="FAIL" starttime="20200205 09:01:55.837" endtime="20200205 09:02:07.962" critical="yes">No keyword with name '//form[@name="register"]' found.</status>
</test>
<test id="s1-s1-s3-t13" name="Click Element">
<kw name="Start Browser and Maximize" library="Resources1" type="setup">
<kw name="Open Browser" library="SeleniumLibrary">
<doc>Opens a new browser instance to the optional ``url``.</doc>
<arguments>
<arg>http://thetestingworld.com/testings</arg>
<arg>Chrome</arg>
</arguments>
<msg timestamp="20200205 09:02:07.962" level="INFO">Opening browser 'Chrome' to base url 'http://thetestingworld.com/testings'.</msg>
<status status="PASS" starttime="20200205 09:02:07.962" endtime="20200205 09:02:13.940"></status>
</kw>
<kw name="Maximize Browser Window" library="SeleniumLibrary">
<doc>Maximizes current browser window.</doc>
<status status="PASS" starttime="20200205 09:02:13.940" endtime="20200205 09:02:15.109"></status>
</kw>
<status status="PASS" starttime="20200205 09:02:07.962" endtime="20200205 09:02:15.113"></status>
</kw>
<kw name="xpath=(//input)[14]">
<msg timestamp="20200205 09:02:15.133" level="FAIL">No keyword with name 'xpath=(//input)[14]' found.</msg>
<status status="FAIL" starttime="20200205 09:02:15.129" endtime="20200205 09:02:15.133"></status>
</kw>
<kw name="Close Browser Window" library="Resources1" type="teardown">
<kw name="Get Title" library="SeleniumLibrary">
<doc>Returns the title of the current page.</doc>
<assign>
<var>${Title}</var>
</assign>
<msg timestamp="20200205 09:02:15.157" level="INFO">${Title} = Login &amp; Sign Up Forms</msg>
<status status="PASS" starttime="20200205 09:02:15.133" endtime="20200205 09:02:15.157"></status>
</kw>
<kw name="Log" library="BuiltIn">
<doc>Logs the given message with the given level.</doc>
<arguments>
<arg>${Title}</arg>
</arguments>
<msg timestamp="20200205 09:02:15.157" level="INFO">Login &amp; Sign Up Forms</msg>
<status status="PASS" starttime="20200205 09:02:15.157" endtime="20200205 09:02:15.157"></status>
</kw>
<kw name="Close Browser" library="SeleniumLibrary">
<doc>Closes the current browser.</doc>
<status status="PASS" starttime="20200205 09:02:15.161" endtime="20200205 09:02:17.448"></status>
</kw>
<status status="PASS" starttime="20200205 09:02:15.133" endtime="20200205 09:02:17.448"></status>
</kw>
<tags>
<tag>ALL_TC</tag>
<tag>DFLT</tag>
</tags>
<status status="FAIL" starttime="20200205 09:02:07.962" endtime="20200205 09:02:17.472" critical="yes">No keyword with name 'xpath=(//input)[14]' found.</status>
</test>
<test id="s1-s1-s3-t14" name="Click Element">
<kw name="Start Browser and Maximize" library="Resources1" type="setup">
<kw name="Open Browser" library="SeleniumLibrary">
<doc>Opens a new browser instance to the optional ``url``.</doc>
<arguments>
<arg>http://thetestingworld.com/testings</arg>
<arg>Chrome</arg>
</arguments>
<msg timestamp="20200205 09:02:17.478" level="INFO">Opening browser 'Chrome' to base url 'http://thetestingworld.com/testings'.</msg>
<status status="PASS" starttime="20200205 09:02:17.478" endtime="20200205 09:02:23.640"></status>
</kw>
<kw name="Maximize Browser Window" library="SeleniumLibrary">
<doc>Maximizes current browser window.</doc>
<status status="PASS" starttime="20200205 09:02:23.640" endtime="20200205 09:02:24.843"></status>
</kw>
<status status="PASS" starttime="20200205 09:02:17.476" endtime="20200205 09:02:24.843"></status>
</kw>
<kw name="//div[@class=&quot;btn&quot;]">
<msg timestamp="20200205 09:02:24.851" level="FAIL">No keyword with name '//div[@class="btn"]' found.</msg>
<status status="FAIL" starttime="20200205 09:02:24.851" endtime="20200205 09:02:24.851"></status>
</kw>
<kw name="Close Browser Window" library="Resources1" type="teardown">
<kw name="Get Title" library="SeleniumLibrary">
<doc>Returns the title of the current page.</doc>
<assign>
<var>${Title}</var>
</assign>
<msg timestamp="20200205 09:02:24.863" level="INFO">${Title} = Login &amp; Sign Up Forms</msg>
<status status="PASS" starttime="20200205 09:02:24.855" endtime="20200205 09:02:24.863"></status>
</kw>
<kw name="Log" library="BuiltIn">
<doc>Logs the given message with the given level.</doc>
<arguments>
<arg>${Title}</arg>
</arguments>
<msg timestamp="20200205 09:02:24.863" level="INFO">Login &amp; Sign Up Forms</msg>
<status status="PASS" starttime="20200205 09:02:24.863" endtime="20200205 09:02:24.863"></status>
</kw>
<kw name="Close Browser" library="SeleniumLibrary">
<doc>Closes the current browser.</doc>
<status status="PASS" starttime="20200205 09:02:24.863" endtime="20200205 09:02:27.062"></status>
</kw>
<status status="PASS" starttime="20200205 09:02:24.855" endtime="20200205 09:02:27.062"></status>
</kw>
<tags>
<tag>ALL_TC</tag>
<tag>DFLT</tag>
</tags>
<status status="FAIL" starttime="20200205 09:02:17.476" endtime="20200205 09:02:27.081" critical="yes">No keyword with name '//div[@class="btn"]' found.</status>
</test>
<test id="s1-s1-s3-t15" name="Click Element">
<kw name="Start Browser and Maximize" library="Resources1" type="setup">
<kw name="Open Browser" library="SeleniumLibrary">
<doc>Opens a new browser instance to the optional ``url``.</doc>
<arguments>
<arg>http://thetestingworld.com/testings</arg>
<arg>Chrome</arg>
</arguments>
<msg timestamp="20200205 09:02:27.125" level="INFO">Opening browser 'Chrome' to base url 'http://thetestingworld.com/testings'.</msg>
<status status="PASS" starttime="20200205 09:02:27.125" endtime="20200205 09:02:33.102"></status>
</kw>
<kw name="Maximize Browser Window" library="SeleniumLibrary">
<doc>Maximizes current browser window.</doc>
<status status="PASS" starttime="20200205 09:02:33.102" endtime="20200205 09:02:34.297"></status>
</kw>
<status status="PASS" starttime="20200205 09:02:27.121" endtime="20200205 09:02:34.297"></status>
</kw>
<kw name="//input[@name=&quot;terms&quot;]">
<msg timestamp="20200205 09:02:34.313" level="FAIL">No keyword with name '//input[@name="terms"]' found.</msg>
<status status="FAIL" starttime="20200205 09:02:34.313" endtime="20200205 09:02:34.317"></status>
</kw>
<kw name="Close Browser Window" library="Resources1" type="teardown">
<kw name="Get Title" library="SeleniumLibrary">
<doc>Returns the title of the current page.</doc>
<assign>
<var>${Title}</var>
</assign>
<msg timestamp="20200205 09:02:34.329" level="INFO">${Title} = Login &amp; Sign Up Forms</msg>
<status status="PASS" starttime="20200205 09:02:34.321" endtime="20200205 09:02:34.329"></status>
</kw>
<kw name="Log" library="BuiltIn">
<doc>Logs the given message with the given level.</doc>
<arguments>
<arg>${Title}</arg>
</arguments>
<msg timestamp="20200205 09:02:34.329" level="INFO">Login &amp; Sign Up Forms</msg>
<status status="PASS" starttime="20200205 09:02:34.329" endtime="20200205 09:02:34.329"></status>
</kw>
<kw name="Close Browser" library="SeleniumLibrary">
<doc>Closes the current browser.</doc>
<status status="PASS" starttime="20200205 09:02:34.333" endtime="20200205 09:02:36.677"></status>
</kw>
<status status="PASS" starttime="20200205 09:02:34.317" endtime="20200205 09:02:36.677"></status>
</kw>
<tags>
<tag>ALL_TC</tag>
<tag>DFLT</tag>
</tags>
<status status="FAIL" starttime="20200205 09:02:27.121" endtime="20200205 09:02:36.677" critical="yes">No keyword with name '//input[@name="terms"]' found.</status>
</test>
<test id="s1-s1-s3-t16" name="Click Element">
<kw name="Start Browser and Maximize" library="Resources1" type="setup">
<kw name="Open Browser" library="SeleniumLibrary">
<doc>Opens a new browser instance to the optional ``url``.</doc>
<arguments>
<arg>http://thetestingworld.com/testings</arg>
<arg>Chrome</arg>
</arguments>
<msg timestamp="20200205 09:02:36.677" level="INFO">Opening browser 'Chrome' to base url 'http://thetestingworld.com/testings'.</msg>
<status status="PASS" starttime="20200205 09:02:36.677" endtime="20200205 09:02:45.881"></status>
</kw>
<kw name="Maximize Browser Window" library="SeleniumLibrary">
<doc>Maximizes current browser window.</doc>
<status status="PASS" starttime="20200205 09:02:45.881" endtime="20200205 09:02:47.119"></status>
</kw>
<status status="PASS" starttime="20200205 09:02:36.677" endtime="20200205 09:02:47.119"></status>
</kw>
<kw name="xpath=(//input)[14]">
<msg timestamp="20200205 09:02:47.127" level="FAIL">No keyword with name 'xpath=(//input)[14]' found.</msg>
<status status="FAIL" starttime="20200205 09:02:47.127" endtime="20200205 09:02:47.131"></status>
</kw>
<kw name="Close Browser Window" library="Resources1" type="teardown">
<kw name="Get Title" library="SeleniumLibrary">
<doc>Returns the title of the current page.</doc>
<assign>
<var>${Title}</var>
</assign>
<msg timestamp="20200205 09:02:47.139" level="INFO">${Title} = Login &amp; Sign Up Forms</msg>
<status status="PASS" starttime="20200205 09:02:47.131" endtime="20200205 09:02:47.139"></status>
</kw>
<kw name="Log" library="BuiltIn">
<doc>Logs the given message with the given level.</doc>
<arguments>
<arg>${Title}</arg>
</arguments>
<msg timestamp="20200205 09:02:47.139" level="INFO">Login &amp; Sign Up Forms</msg>
<status status="PASS" starttime="20200205 09:02:47.139" endtime="20200205 09:02:47.139"></status>
</kw>
<kw name="Close Browser" library="SeleniumLibrary">
<doc>Closes the current browser.</doc>
<status status="PASS" starttime="20200205 09:02:47.139" endtime="20200205 09:02:49.513"></status>
</kw>
<status status="PASS" starttime="20200205 09:02:47.131" endtime="20200205 09:02:49.513"></status>
</kw>
<tags>
<tag>ALL_TC</tag>
<tag>DFLT</tag>
</tags>
<status status="FAIL" starttime="20200205 09:02:36.677" endtime="20200205 09:02:49.513" critical="yes">No keyword with name 'xpath=(//input)[14]' found.</status>
</test>
<test id="s1-s1-s3-t17" name="Click Element">
<kw name="Start Browser and Maximize" library="Resources1" type="setup">
<kw name="Open Browser" library="SeleniumLibrary">
<doc>Opens a new browser instance to the optional ``url``.</doc>
<arguments>
<arg>http://thetestingworld.com/testings</arg>
<arg>Chrome</arg>
</arguments>
<msg timestamp="20200205 09:02:49.541" level="INFO">Opening browser 'Chrome' to base url 'http://thetestingworld.com/testings'.</msg>
<status status="PASS" starttime="20200205 09:02:49.537" endtime="20200205 09:02:56.881"></status>
</kw>
<kw name="Maximize Browser Window" library="SeleniumLibrary">
<doc>Maximizes current browser window.</doc>
<status status="PASS" starttime="20200205 09:02:56.881" endtime="20200205 09:02:58.074"></status>
</kw>
<status status="PASS" starttime="20200205 09:02:49.533" endtime="20200205 09:02:58.074"></status>
</kw>
<kw name="xpath=(//input)[14]">
<msg timestamp="20200205 09:02:58.086" level="FAIL">No keyword with name 'xpath=(//input)[14]' found.</msg>
<status status="FAIL" starttime="20200205 09:02:58.086" endtime="20200205 09:02:58.086"></status>
</kw>
<kw name="Close Browser Window" library="Resources1" type="teardown">
<kw name="Get Title" library="SeleniumLibrary">
<doc>Returns the title of the current page.</doc>
<assign>
<var>${Title}</var>
</assign>
<msg timestamp="20200205 09:02:58.100" level="INFO">${Title} = Login &amp; Sign Up Forms</msg>
<status status="PASS" starttime="20200205 09:02:58.090" endtime="20200205 09:02:58.100"></status>
</kw>
<kw name="Log" library="BuiltIn">
<doc>Logs the given message with the given level.</doc>
<arguments>
<arg>${Title}</arg>
</arguments>
<msg timestamp="20200205 09:02:58.100" level="INFO">Login &amp; Sign Up Forms</msg>
<status status="PASS" starttime="20200205 09:02:58.100" endtime="20200205 09:02:58.104"></status>
</kw>
<kw name="Close Browser" library="SeleniumLibrary">
<doc>Closes the current browser.</doc>
<status status="PASS" starttime="20200205 09:02:58.104" endtime="20200205 09:03:00.510"></status>
</kw>
<status status="PASS" starttime="20200205 09:02:58.086" endtime="20200205 09:03:00.510"></status>
</kw>
<tags>
<tag>ALL_TC</tag>
<tag>DFLT</tag>
</tags>
<status status="FAIL" starttime="20200205 09:02:49.529" endtime="20200205 09:03:00.512" critical="yes">No keyword with name 'xpath=(//input)[14]' found.</status>
</test>
<test id="s1-s1-s3-t18" name="Click Element">
<kw name="Start Browser and Maximize" library="Resources1" type="setup">
<kw name="Open Browser" library="SeleniumLibrary">
<doc>Opens a new browser instance to the optional ``url``.</doc>
<arguments>
<arg>http://thetestingworld.com/testings</arg>
<arg>Chrome</arg>
</arguments>
<msg timestamp="20200205 09:03:00.532" level="INFO">Opening browser 'Chrome' to base url 'http://thetestingworld.com/testings'.</msg>
<status status="PASS" starttime="20200205 09:03:00.532" endtime="20200205 09:03:09.586"></status>
</kw>
<kw name="Maximize Browser Window" library="SeleniumLibrary">
<doc>Maximizes current browser window.</doc>
<status status="PASS" starttime="20200205 09:03:09.586" endtime="20200205 09:03:10.808"></status>
</kw>
<status status="PASS" starttime="20200205 09:03:00.532" endtime="20200205 09:03:10.808"></status>
</kw>
<kw name="xpath=(//div[@class=&quot;container&quot;])[2]">
<msg timestamp="20200205 09:03:10.823" level="FAIL">No keyword with name 'xpath=(//div[@class="container"])[2]' found.</msg>
<status status="FAIL" starttime="20200205 09:03:10.820" endtime="20200205 09:03:10.823"></status>
</kw>
<kw name="Close Browser Window" library="Resources1" type="teardown">
<kw name="Get Title" library="SeleniumLibrary">
<doc>Returns the title of the current page.</doc>
<assign>
<var>${Title}</var>
</assign>
<msg timestamp="20200205 09:03:10.851" level="INFO">${Title} = Login &amp; Sign Up Forms</msg>
<status status="PASS" starttime="20200205 09:03:10.823" endtime="20200205 09:03:10.851"></status>
</kw>
<kw name="Log" library="BuiltIn">
<doc>Logs the given message with the given level.</doc>
<arguments>
<arg>${Title}</arg>
</arguments>
<msg timestamp="20200205 09:03:10.851" level="INFO">Login &amp; Sign Up Forms</msg>
<status status="PASS" starttime="20200205 09:03:10.851" endtime="20200205 09:03:10.851"></status>
</kw>
<kw name="Close Browser" library="SeleniumLibrary">
<doc>Closes the current browser.</doc>
<status status="PASS" starttime="20200205 09:03:10.851" endtime="20200205 09:03:13.262"></status>
</kw>
<status status="PASS" starttime="20200205 09:03:10.823" endtime="20200205 09:03:13.262"></status>
</kw>
<tags>
<tag>ALL_TC</tag>
<tag>DFLT</tag>
</tags>
<status status="FAIL" starttime="20200205 09:03:00.520" endtime="20200205 09:03:13.262" critical="yes">No keyword with name 'xpath=(//div[@class="container"])[2]' found.</status>
</test>
<test id="s1-s1-s3-t19" name="Click Element">
<kw name="Start Browser and Maximize" library="Resources1" type="setup">
<kw name="Open Browser" library="SeleniumLibrary">
<doc>Opens a new browser instance to the optional ``url``.</doc>
<arguments>
<arg>http://thetestingworld.com/testings</arg>
<arg>Chrome</arg>
</arguments>
<msg timestamp="20200205 09:03:13.278" level="INFO">Opening browser 'Chrome' to base url 'http://thetestingworld.com/testings'.</msg>
<status status="PASS" starttime="20200205 09:03:13.278" endtime="20200205 09:03:19.891"></status>
</kw>
<kw name="Maximize Browser Window" library="SeleniumLibrary">
<doc>Maximizes current browser window.</doc>
<status status="PASS" starttime="20200205 09:03:19.891" endtime="20200205 09:03:21.050"></status>
</kw>
<status status="PASS" starttime="20200205 09:03:13.278" endtime="20200205 09:03:21.050"></status>
</kw>
<kw name="xpath=(//div[@class=&quot;container&quot;])[2]">
<msg timestamp="20200205 09:03:21.062" level="FAIL">No keyword with name 'xpath=(//div[@class="container"])[2]' found.</msg>
<status status="FAIL" starttime="20200205 09:03:21.062" endtime="20200205 09:03:21.062"></status>
</kw>
<kw name="Close Browser Window" library="Resources1" type="teardown">
<kw name="Get Title" library="SeleniumLibrary">
<doc>Returns the title of the current page.</doc>
<assign>
<var>${Title}</var>
</assign>
<msg timestamp="20200205 09:03:21.066" level="INFO">${Title} = Login &amp; Sign Up Forms</msg>
<status status="PASS" starttime="20200205 09:03:21.066" endtime="20200205 09:03:21.066"></status>
</kw>
<kw name="Log" library="BuiltIn">
<doc>Logs the given message with the given level.</doc>
<arguments>
<arg>${Title}</arg>
</arguments>
<msg timestamp="20200205 09:03:21.066" level="INFO">Login &amp; Sign Up Forms</msg>
<status status="PASS" starttime="20200205 09:03:21.066" endtime="20200205 09:03:21.066"></status>
</kw>
<kw name="Close Browser" library="SeleniumLibrary">
<doc>Closes the current browser.</doc>
<status status="PASS" starttime="20200205 09:03:21.066" endtime="20200205 09:03:23.381"></status>
</kw>
<status status="PASS" starttime="20200205 09:03:21.066" endtime="20200205 09:03:23.381"></status>
</kw>
<tags>
<tag>ALL_TC</tag>
<tag>DFLT</tag>
</tags>
<status status="FAIL" starttime="20200205 09:03:13.262" endtime="20200205 09:03:23.381" critical="yes">No keyword with name 'xpath=(//div[@class="container"])[2]' found.</status>
</test>
<test id="s1-s1-s3-t20" name="Input Text">
<kw name="Start Browser and Maximize" library="Resources1" type="setup">
<kw name="Open Browser" library="SeleniumLibrary">
<doc>Opens a new browser instance to the optional ``url``.</doc>
<arguments>
<arg>http://thetestingworld.com/testings</arg>
<arg>Chrome</arg>
</arguments>
<msg timestamp="20200205 09:03:23.388" level="INFO">Opening browser 'Chrome' to base url 'http://thetestingworld.com/testings'.</msg>
<status status="PASS" starttime="20200205 09:03:23.388" endtime="20200205 09:03:30.279"></status>
</kw>
<kw name="Maximize Browser Window" library="SeleniumLibrary">
<doc>Maximizes current browser window.</doc>
<status status="PASS" starttime="20200205 09:03:30.283" endtime="20200205 09:03:31.439"></status>
</kw>
<status status="PASS" starttime="20200205 09:03:23.388" endtime="20200205 09:03:31.443"></status>
</kw>
<kw name="//input[@name=&quot;fld_password&quot;]">
<arguments>
<arg>***</arg>
</arguments>
<msg timestamp="20200205 09:03:31.463" level="FAIL">No keyword with name '//input[@name="fld_password"]' found.</msg>
<status status="FAIL" starttime="20200205 09:03:31.463" endtime="20200205 09:03:31.463"></status>
</kw>
<kw name="Close Browser Window" library="Resources1" type="teardown">
<kw name="Get Title" library="SeleniumLibrary">
<doc>Returns the title of the current page.</doc>
<assign>
<var>${Title}</var>
</assign>
<msg timestamp="20200205 09:03:31.467" level="INFO">${Title} = Login &amp; Sign Up Forms</msg>
<status status="PASS" starttime="20200205 09:03:31.467" endtime="20200205 09:03:31.467"></status>
</kw>
<kw name="Log" library="BuiltIn">
<doc>Logs the given message with the given level.</doc>
<arguments>
<arg>${Title}</arg>
</arguments>
<msg timestamp="20200205 09:03:31.483" level="INFO">Login &amp; Sign Up Forms</msg>
<status status="PASS" starttime="20200205 09:03:31.467" endtime="20200205 09:03:31.483"></status>
</kw>
<kw name="Close Browser" library="SeleniumLibrary">
<doc>Closes the current browser.</doc>
<status status="PASS" starttime="20200205 09:03:31.483" endtime="20200205 09:03:34.098"></status>
</kw>
<status status="PASS" starttime="20200205 09:03:31.467" endtime="20200205 09:03:34.099"></status>
</kw>
<tags>
<tag>ALL_TC</tag>
<tag>DFLT</tag>
</tags>
<status status="FAIL" starttime="20200205 09:03:23.384" endtime="20200205 09:03:34.099" critical="yes">No keyword with name '//input[@name="fld_password"]' found.</status>
</test>
<test id="s1-s1-s3-t21" name="Input Text">
<kw name="Start Browser and Maximize" library="Resources1" type="setup">
<kw name="Open Browser" library="SeleniumLibrary">
<doc>Opens a new browser instance to the optional ``url``.</doc>
<arguments>
<arg>http://thetestingworld.com/testings</arg>
<arg>Chrome</arg>
</arguments>
<msg timestamp="20200205 09:03:34.111" level="INFO">Opening browser 'Chrome' to base url 'http://thetestingworld.com/testings'.</msg>
<status status="PASS" starttime="20200205 09:03:34.111" endtime="20200205 09:03:39.525"></status>
</kw>
<kw name="Maximize Browser Window" library="SeleniumLibrary">
<doc>Maximizes current browser window.</doc>
<status status="PASS" starttime="20200205 09:03:39.525" endtime="20200205 09:03:40.666"></status>
</kw>
<status status="PASS" starttime="20200205 09:03:34.111" endtime="20200205 09:03:40.666"></status>
</kw>
<kw name="//input[@name=&quot;fld_cpassword&quot;]">
<arguments>
<arg>***</arg>
</arguments>
<msg timestamp="20200205 09:03:40.682" level="FAIL">No keyword with name '//input[@name="fld_cpassword"]' found.</msg>
<status status="FAIL" starttime="20200205 09:03:40.682" endtime="20200205 09:03:40.682"></status>
</kw>
<kw name="Close Browser Window" library="Resources1" type="teardown">
<kw name="Get Title" library="SeleniumLibrary">
<doc>Returns the title of the current page.</doc>
<assign>
<var>${Title}</var>
</assign>
<msg timestamp="20200205 09:03:40.697" level="INFO">${Title} = Login &amp; Sign Up Forms</msg>
<status status="PASS" starttime="20200205 09:03:40.682" endtime="20200205 09:03:40.697"></status>
</kw>
<kw name="Log" library="BuiltIn">
<doc>Logs the given message with the given level.</doc>
<arguments>
<arg>${Title}</arg>
</arguments>
<msg timestamp="20200205 09:03:40.700" level="INFO">Login &amp; Sign Up Forms</msg>
<status status="PASS" starttime="20200205 09:03:40.697" endtime="20200205 09:03:40.700"></status>
</kw>
<kw name="Close Browser" library="SeleniumLibrary">
<doc>Closes the current browser.</doc>
<status status="PASS" starttime="20200205 09:03:40.700" endtime="20200205 09:03:43.045"></status>
</kw>
<status status="PASS" starttime="20200205 09:03:40.682" endtime="20200205 09:03:43.045"></status>
</kw>
<tags>
<tag>ALL_TC</tag>
<tag>DFLT</tag>
</tags>
<status status="FAIL" starttime="20200205 09:03:34.107" endtime="20200205 09:03:43.045" critical="yes">No keyword with name '//input[@name="fld_cpassword"]' found.</status>
</test>
<test id="s1-s1-s3-t22" name="Click Element">
<kw name="Start Browser and Maximize" library="Resources1" type="setup">
<kw name="Open Browser" library="SeleniumLibrary">
<doc>Opens a new browser instance to the optional ``url``.</doc>
<arguments>
<arg>http://thetestingworld.com/testings</arg>
<arg>Chrome</arg>
</arguments>
<msg timestamp="20200205 09:03:43.057" level="INFO">Opening browser 'Chrome' to base url 'http://thetestingworld.com/testings'.</msg>
<status status="PASS" starttime="20200205 09:03:43.057" endtime="20200205 09:03:49.380"></status>
</kw>
<kw name="Maximize Browser Window" library="SeleniumLibrary">
<doc>Maximizes current browser window.</doc>
<status status="PASS" starttime="20200205 09:03:49.380" endtime="20200205 09:03:50.544"></status>
</kw>
<status status="PASS" starttime="20200205 09:03:43.053" endtime="20200205 09:03:50.544"></status>
</kw>
<kw name="xpath=(//input)[14]">
<msg timestamp="20200205 09:03:50.556" level="FAIL">No keyword with name 'xpath=(//input)[14]' found.</msg>
<status status="FAIL" starttime="20200205 09:03:50.556" endtime="20200205 09:03:50.556"></status>
</kw>
<kw name="Close Browser Window" library="Resources1" type="teardown">
<kw name="Get Title" library="SeleniumLibrary">
<doc>Returns the title of the current page.</doc>
<assign>
<var>${Title}</var>
</assign>
<msg timestamp="20200205 09:03:50.566" level="INFO">${Title} = Login &amp; Sign Up Forms</msg>
<status status="PASS" starttime="20200205 09:03:50.560" endtime="20200205 09:03:50.566"></status>
</kw>
<kw name="Log" library="BuiltIn">
<doc>Logs the given message with the given level.</doc>
<arguments>
<arg>${Title}</arg>
</arguments>
<msg timestamp="20200205 09:03:50.566" level="INFO">Login &amp; Sign Up Forms</msg>
<status status="PASS" starttime="20200205 09:03:50.566" endtime="20200205 09:03:50.566"></status>
</kw>
<kw name="Close Browser" library="SeleniumLibrary">
<doc>Closes the current browser.</doc>
<status status="PASS" starttime="20200205 09:03:50.566" endtime="20200205 09:03:52.915"></status>
</kw>
<status status="PASS" starttime="20200205 09:03:50.556" endtime="20200205 09:03:52.915"></status>
</kw>
<tags>
<tag>ALL_TC</tag>
<tag>DFLT</tag>
</tags>
<status status="FAIL" starttime="20200205 09:03:43.053" endtime="20200205 09:03:52.915" critical="yes">No keyword with name 'xpath=(//input)[14]' found.</status>
</test>
<kw name="After Each Test Suite" library="Resources1" type="teardown">
<kw name="Log" library="BuiltIn">
<doc>Logs the given message with the given level.</doc>
<arguments>
<arg>After Each Test Suite</arg>
</arguments>
<msg timestamp="20200205 09:03:52.935" level="INFO">After Each Test Suite</msg>
<status status="PASS" starttime="20200205 09:03:52.931" endtime="20200205 09:03:52.935"></status>
</kw>
<status status="PASS" starttime="20200205 09:03:52.931" endtime="20200205 09:03:52.935"></status>
</kw>
<status status="FAIL" starttime="20200205 08:59:49.746" endtime="20200205 09:03:52.935"></status>
</suite>
<suite id="s1-s1-s4" name="TC 003 BDD" source="C:\Users\Andre\PycharmProjects\RobotAutomation\Test Cases\LoginTC\TC_003_BDD.robot">
<test id="s1-s1-s4-t1" name="Test Case in BDD Format">
<kw name="Given Start Browser and Maximize" library="Resources1">
<kw name="Open Browser" library="SeleniumLibrary">
<doc>Opens a new browser instance to the optional ``url``.</doc>
<arguments>
<arg>http://thetestingworld.com/testings</arg>
<arg>Chrome</arg>
</arguments>
<msg timestamp="20200205 09:03:52.963" level="INFO">Opening browser 'Chrome' to base url 'http://thetestingworld.com/testings'.</msg>
<status status="PASS" starttime="20200205 09:03:52.963" endtime="20200205 09:03:59.895"></status>
</kw>
<kw name="Maximize Browser Window" library="SeleniumLibrary">
<doc>Maximizes current browser window.</doc>
<status status="PASS" starttime="20200205 09:03:59.895" endtime="20200205 09:04:01.037"></status>
</kw>
<status status="PASS" starttime="20200205 09:03:52.963" endtime="20200205 09:04:01.037"></status>
</kw>
<kw name="When Create Folder at Runtime" library="Resources1">
<arguments>
<arg>ABCD</arg>
<arg>XYZ</arg>
</arguments>
<kw name="Create Folder" library="UserKeywords">
<arguments>
<arg>${foldername}</arg>
</arguments>
<status status="PASS" starttime="20200205 09:04:01.041" endtime="20200205 09:04:01.041"></status>
</kw>
<kw name="Create Subfolder" library="UserKeywords">
<arguments>
<arg>${subfoldername}</arg>
</arguments>
<status status="PASS" starttime="20200205 09:04:01.041" endtime="20200205 09:04:01.045"></status>
</kw>
<kw name="Log" library="BuiltIn">
<doc>Logs the given message with the given level.</doc>
<arguments>
<arg>"Task done successfully"</arg>
</arguments>
<msg timestamp="20200205 09:04:01.045" level="INFO">"Task done successfully"</msg>
<status status="PASS" starttime="20200205 09:04:01.045" endtime="20200205 09:04:01.045"></status>
</kw>
<status status="PASS" starttime="20200205 09:04:01.041" endtime="20200205 09:04:01.045"></status>
</kw>
<kw name="Then Concatinate User and Password" library="Resources1">
<arguments>
<arg>Testing</arg>
<arg>World</arg>
</arguments>
<kw name="Concatinate Two Values" library="UserKeywords">
<arguments>
<arg>${username}</arg>
<arg>${password}</arg>
</arguments>
<assign>
<var>${resultval}</var>
</assign>
<msg timestamp="20200205 09:04:01.049" level="INFO">${resultval} = Testing World</msg>
<status status="PASS" starttime="20200205 09:04:01.045" endtime="20200205 09:04:01.049"></status>
</kw>
<kw name="Log" library="BuiltIn">
<doc>Logs the given message with the given level.</doc>
<arguments>
<arg>${resultval}</arg>
</arguments>
<msg timestamp="20200205 09:04:01.049" level="INFO">Testing World</msg>
<status status="PASS" starttime="20200205 09:04:01.049" endtime="20200205 09:04:01.049"></status>
</kw>
<status status="PASS" starttime="20200205 09:04:01.045" endtime="20200205 09:04:01.049"></status>
</kw>
<status status="PASS" starttime="20200205 09:03:52.947" endtime="20200205 09:04:01.049" critical="yes"></status>
</test>
<status status="PASS" starttime="20200205 09:03:52.947" endtime="20200205 09:04:01.057"></status>
</suite>
<kw name="After each Test Suite" type="teardown">
<kw name="Log" library="BuiltIn">
<doc>Logs the given message with the given level.</doc>
<arguments>
<arg>Test Suite Ended</arg>
</arguments>
<msg timestamp="20200205 09:04:01.065" level="INFO">Test Suite Ended</msg>
<status status="PASS" starttime="20200205 09:04:01.065" endtime="20200205 09:04:01.065"></status>
</kw>
<status status="PASS" starttime="20200205 09:04:01.065" endtime="20200205 09:04:01.065"></status>
</kw>
<status status="FAIL" starttime="20200205 08:58:44.030" endtime="20200205 09:04:01.065"></status>
</suite>
<suite id="s1-s2" name="RegistrationTC" source="C:\Users\Andre\PycharmProjects\RobotAutomation\Test Cases\RegistrationTC">
<suite id="s1-s2-s1" name="TC 003" source="C:\Users\Andre\PycharmProjects\RobotAutomation\Test Cases\RegistrationTC\TC_003.robot">
<kw name="Before Each Test Suite" library="Resources1" type="setup">
<kw name="Log" library="BuiltIn">
<doc>Logs the given message with the given level.</doc>
<arguments>
<arg>Before Each Test Suite</arg>
</arguments>
<msg timestamp="20200205 09:04:01.130" level="INFO">Before Each Test Suite</msg>
<status status="PASS" starttime="20200205 09:04:01.130" endtime="20200205 09:04:01.130"></status>
</kw>
<status status="PASS" starttime="20200205 09:04:01.126" endtime="20200205 09:04:01.130"></status>
</kw>
<test id="s1-s2-s1-t1" name="TC_001 Variable Test">
<kw name="Start Browser and Maximize" library="Resources1" type="setup">
<kw name="Open Browser" library="SeleniumLibrary">
<doc>Opens a new browser instance to the optional ``url``.</doc>
<arguments>
<arg>http://thetestingworld.com/testings</arg>
<arg>Chrome</arg>
</arguments>
<msg timestamp="20200205 09:04:01.142" level="INFO">Opening browser 'Chrome' to base url 'http://thetestingworld.com/testings'.</msg>
<status status="PASS" starttime="20200205 09:04:01.142" endtime="20200205 09:04:09.295"></status>
</kw>
<kw name="Maximize Browser Window" library="SeleniumLibrary">
<doc>Maximizes current browser window.</doc>
<status status="PASS" starttime="20200205 09:04:09.295" endtime="20200205 09:04:10.511"></status>
</kw>
<status status="PASS" starttime="20200205 09:04:01.138" endtime="20200205 09:04:10.511"></status>
</kw>
<kw name="Input Text" library="SeleniumLibrary">
<doc>Types the given ``text`` into the text field identified by ``locator``.</doc>
<arguments>
<arg>name:fld_username</arg>
<arg>Testing</arg>
</arguments>
<msg timestamp="20200205 09:04:10.519" level="INFO">Typing text 'Testing' into text field 'name:fld_username'.</msg>
<status status="PASS" starttime="20200205 09:04:10.519" endtime="20200205 09:04:10.751"></status>
</kw>
<kw name="Input Text" library="SeleniumLibrary">
<doc>Types the given ``text`` into the text field identified by ``locator``.</doc>
<arguments>
<arg>name:fld_email</arg>
<arg>testingworldindia@gemail.com</arg>
</arguments>
<msg timestamp="20200205 09:04:10.751" level="INFO">Typing text 'testingworldindia@gemail.com' into text field 'name:fld_email'.</msg>
<status status="PASS" starttime="20200205 09:04:10.751" endtime="20200205 09:04:11.035"></status>
</kw>
<kw name="Input Text" library="SeleniumLibrary">
<doc>Types the given ``text`` into the text field identified by ``locator``.</doc>
<arguments>
<arg>name:fld_password</arg>
<arg>1234</arg>
</arguments>
<msg timestamp="20200205 09:04:11.035" level="INFO">Typing text '1234' into text field 'name:fld_password'.</msg>
<status status="PASS" starttime="20200205 09:04:11.035" endtime="20200205 09:04:11.167"></status>
</kw>
<kw name="Close Browser Window" library="Resources1" type="teardown">
<kw name="Get Title" library="SeleniumLibrary">
<doc>Returns the title of the current page.</doc>
<assign>
<var>${Title}</var>
</assign>
<msg timestamp="20200205 09:04:11.179" level="INFO">${Title} = Login &amp; Sign Up Forms</msg>
<status status="PASS" starttime="20200205 09:04:11.171" endtime="20200205 09:04:11.179"></status>
</kw>
<kw name="Log" library="BuiltIn">
<doc>Logs the given message with the given level.</doc>
<arguments>
<arg>${Title}</arg>
</arguments>
<msg timestamp="20200205 09:04:11.179" level="INFO">Login &amp; Sign Up Forms</msg>
<status status="PASS" starttime="20200205 09:04:11.179" endtime="20200205 09:04:11.179"></status>
</kw>
<kw name="Close Browser" library="SeleniumLibrary">
<doc>Closes the current browser.</doc>
<status status="PASS" starttime="20200205 09:04:11.179" endtime="20200205 09:04:13.894"></status>
</kw>
<status status="PASS" starttime="20200205 09:04:11.167" endtime="20200205 09:04:13.894"></status>
</kw>
<status status="PASS" starttime="20200205 09:04:01.130" endtime="20200205 09:04:13.894" critical="yes"></status>
</test>
<kw name="After Each Test Suite" library="Resources1" type="teardown">
<kw name="Log" library="BuiltIn">
<doc>Logs the given message with the given level.</doc>
<arguments>
<arg>After Each Test Suite</arg>
</arguments>
<msg timestamp="20200205 09:04:13.902" level="INFO">After Each Test Suite</msg>
<status status="PASS" starttime="20200205 09:04:13.902" endtime="20200205 09:04:13.906"></status>
</kw>
<status status="PASS" starttime="20200205 09:04:13.902" endtime="20200205 09:04:13.906"></status>
</kw>
<status status="PASS" starttime="20200205 09:04:01.096" endtime="20200205 09:04:13.906"></status>
</suite>
<suite id="s1-s2-s2" name="TC 004" source="C:\Users\Andre\PycharmProjects\RobotAutomation\Test Cases\RegistrationTC\TC_004.robot">
<kw name="Before Each Test Suite" library="Resources1" type="setup">
<kw name="Log" library="BuiltIn">
<doc>Logs the given message with the given level.</doc>
<arguments>
<arg>Before Each Test Suite</arg>
</arguments>
<msg timestamp="20200205 09:04:13.949" level="INFO">Before Each Test Suite</msg>
<status status="PASS" starttime="20200205 09:04:13.949" endtime="20200205 09:04:13.949"></status>
</kw>
<status status="PASS" starttime="20200205 09:04:13.949" endtime="20200205 09:04:13.949"></status>
</kw>
<test id="s1-s2-s2-t1" name="Robot Fetch Data">
<kw name="Start Browser and Maximize" library="Resources1" type="setup">
<kw name="Open Browser" library="SeleniumLibrary">
<doc>Opens a new browser instance to the optional ``url``.</doc>
<arguments>
<arg>http://thetestingworld.com/testings</arg>
<arg>Chrome</arg>
</arguments>
<msg timestamp="20200205 09:04:13.953" level="INFO">Opening browser 'Chrome' to base url 'http://thetestingworld.com/testings'.</msg>
<status status="PASS" starttime="20200205 09:04:13.953" endtime="20200205 09:04:20.627"></status>
</kw>
<kw name="Maximize Browser Window" library="SeleniumLibrary">
<doc>Maximizes current browser window.</doc>
<status status="PASS" starttime="20200205 09:04:20.627" endtime="20200205 09:04:21.787"></status>
</kw>
<status status="PASS" starttime="20200205 09:04:13.953" endtime="20200205 09:04:21.787"></status>
</kw>
<kw name="Concatinate User and Password" library="Resources1">
<arguments>
<arg>Testing</arg>
<arg>World</arg>
</arguments>
<kw name="Concatinate Two Values" library="UserKeywords">
<arguments>
<arg>${username}</arg>
<arg>${password}</arg>
</arguments>
<assign>
<var>${resultval}</var>
</assign>
<msg timestamp="20200205 09:04:21.787" level="INFO">${resultval} = Testing World</msg>
<status status="PASS" starttime="20200205 09:04:21.787" endtime="20200205 09:04:21.787"></status>
</kw>
<kw name="Log" library="BuiltIn">
<doc>Logs the given message with the given level.</doc>
<arguments>
<arg>${resultval}</arg>
</arguments>
<msg timestamp="20200205 09:04:21.787" level="INFO">Testing World</msg>
<status status="PASS" starttime="20200205 09:04:21.787" endtime="20200205 09:04:21.787"></status>
</kw>
<status status="PASS" starttime="20200205 09:04:21.787" endtime="20200205 09:04:21.787"></status>
</kw>
<kw name="Open Browser" library="SeleniumLibrary">
<doc>Opens a new browser instance to the optional ``url``.</doc>
<arguments>
<arg>${Url}</arg>
<arg>${Browser}</arg>
</arguments>
<msg timestamp="20200205 09:04:21.787" level="INFO">Opening browser 'Chrome' to base url 'http://thetestingworld.com/testings'.</msg>
<status status="PASS" starttime="20200205 09:04:21.787" endtime="20200205 09:04:32.185"></status>
</kw>
<kw name="Maximize Browser Window" library="SeleniumLibrary">
<doc>Maximizes current browser window.</doc>
<status status="PASS" starttime="20200205 09:04:32.189" endtime="20200205 09:04:33.337"></status>
</kw>
<kw name="Close Browser Window" library="Resources1" type="teardown">
<kw name="Get Title" library="SeleniumLibrary">
<doc>Returns the title of the current page.</doc>
<assign>
<var>${Title}</var>
</assign>
<msg timestamp="20200205 09:04:33.345" level="INFO">${Title} = Login &amp; Sign Up Forms</msg>
<status status="PASS" starttime="20200205 09:04:33.337" endtime="20200205 09:04:33.345"></status>
</kw>
<kw name="Log" library="BuiltIn">
<doc>Logs the given message with the given level.</doc>
<arguments>
<arg>${Title}</arg>
</arguments>
<msg timestamp="20200205 09:04:33.345" level="INFO">Login &amp; Sign Up Forms</msg>
<status status="PASS" starttime="20200205 09:04:33.345" endtime="20200205 09:04:33.345"></status>
</kw>
<kw name="Close Browser" library="SeleniumLibrary">
<doc>Closes the current browser.</doc>
<status status="PASS" starttime="20200205 09:04:33.345" endtime="20200205 09:04:36.129"></status>
</kw>
<status status="PASS" starttime="20200205 09:04:33.337" endtime="20200205 09:04:36.129"></status>
</kw>
<status status="PASS" starttime="20200205 09:04:13.949" endtime="20200205 09:04:36.129" critical="yes"></status>
</test>
<kw name="After Each Test Suite" library="Resources1" type="teardown">
<kw name="Log" library="BuiltIn">
<doc>Logs the given message with the given level.</doc>
<arguments>
<arg>After Each Test Suite</arg>
</arguments>
<msg timestamp="20200205 09:04:36.133" level="INFO">After Each Test Suite</msg>
<status status="PASS" starttime="20200205 09:04:36.133" endtime="20200205 09:04:36.133"></status>
</kw>
<status status="PASS" starttime="20200205 09:04:36.133" endtime="20200205 09:04:36.133"></status>
</kw>
<status status="PASS" starttime="20200205 09:04:13.922" endtime="20200205 09:04:36.133"></status>
</suite>
<status status="PASS" starttime="20200205 09:04:01.096" endtime="20200205 09:04:36.137"></status>
</suite>
<suite id="s1-s3" name="TC 001" source="C:\Users\Andre\PycharmProjects\RobotAutomation\Test Cases\TC_001.robot">
<kw name="Before Each Test Suite" type="setup">
<msg timestamp="20200205 09:04:36.161" level="FAIL">No keyword with name 'Before Each Test Suite' found.</msg>
<status status="FAIL" starttime="20200205 09:04:36.161" endtime="20200205 09:04:36.161"></status>
</kw>
<test id="s1-s3-t1" name="TC_001 Variable Test">
<tags>
<tag>ALL_TC</tag>
<tag>Smoke</tag>
</tags>
<status status="FAIL" starttime="20200205 09:04:36.161" endtime="20200205 09:04:36.161" critical="yes">Parent suite setup failed:
No keyword with name 'Before Each Test Suite' found.</status>
</test>
<test id="s1-s3-t2" name="${password}=">
<tags>
<tag>ALL_TC</tag>
<tag>DFLT</tag>
</tags>
<status status="FAIL" starttime="20200205 09:04:36.161" endtime="20200205 09:04:36.161" critical="yes">Parent suite setup failed:
No keyword with name 'Before Each Test Suite' found.</status>
</test>
<test id="s1-s3-t3" name="TC_002 Variable Test">
<tags>
<tag>ALL_TC</tag>
<tag>Smoke Sanity</tag>
</tags>
<status status="FAIL" starttime="20200205 09:04:36.169" endtime="20200205 09:04:36.169" critical="yes">Parent suite setup failed:
No keyword with name 'Before Each Test Suite' found.</status>
</test>
<kw name="After Each Test Suite" type="teardown">
<msg timestamp="20200205 09:04:36.177" level="FAIL">No keyword with name 'After Each Test Suite' found.</msg>
<status status="FAIL" starttime="20200205 09:04:36.177" endtime="20200205 09:04:36.177">No keyword with name 'After Each Test Suite' found.</status>
</kw>
<status status="FAIL" starttime="20200205 09:04:36.141" endtime="20200205 09:04:36.177">Suite setup failed:
No keyword with name 'Before Each Test Suite' found.

Also suite teardown failed:
No keyword with name 'After Each Test Suite' found.</status>
</suite>
<status status="FAIL" starttime="20200205 08:58:43.811" endtime="20200205 09:04:36.185"></status>
</suite>
<statistics>
<total>
<stat pass="5" fail="25">Critical Tests</stat>
<stat pass="5" fail="25">All Tests</stat>
</total>
<tag>
<stat pass="0" fail="25">ALL_TC</stat>
<stat pass="0" fail="23">DFLT</stat>
<stat pass="0" fail="1">Smoke</stat>
<stat pass="0" fail="1">Smoke Sanity</stat>
</tag>
<suite>
<stat pass="5" fail="25" id="s1" name="Test Cases">Test Cases</stat>
<stat pass="3" fail="22" id="s1-s1" name="LoginTC">Test Cases.LoginTC</stat>
<stat pass="1" fail="0" id="s1-s1-s1" name="TC 001">Test Cases.LoginTC.TC 001</stat>
<stat pass="1" fail="0" id="s1-s1-s2" name="TC 002">Test Cases.LoginTC.TC 002</stat>
<stat pass="0" fail="22" id="s1-s1-s3" name="TC 003">Test Cases.LoginTC.TC 003</stat>
<stat pass="1" fail="0" id="s1-s1-s4" name="TC 003 BDD">Test Cases.LoginTC.TC 003 BDD</stat>
<stat pass="2" fail="0" id="s1-s2" name="RegistrationTC">Test Cases.RegistrationTC</stat>
<stat pass="1" fail="0" id="s1-s2-s1" name="TC 003">Test Cases.RegistrationTC.TC 003</stat>
<stat pass="1" fail="0" id="s1-s2-s2" name="TC 004">Test Cases.RegistrationTC.TC 004</stat>
<stat pass="0" fail="3" id="s1-s3" name="TC 001">Test Cases.TC 001</stat>
</suite>
</statistics>
<errors>
<msg timestamp="20200205 09:00:10.294" level="WARN">Multiple test cases with name 'Input Text' executed in test suite 'Test Cases.LoginTC.TC 003'.</msg>
<msg timestamp="20200205 09:00:25.058" level="WARN">Multiple test cases with name 'Input Text' executed in test suite 'Test Cases.LoginTC.TC 003'.</msg>
<msg timestamp="20200205 09:00:54.833" level="WARN">Multiple test cases with name 'Input Text' executed in test suite 'Test Cases.LoginTC.TC 003'.</msg>
<msg timestamp="20200205 09:01:08.834" level="WARN">Multiple test cases with name 'Input Text' executed in test suite 'Test Cases.LoginTC.TC 003'.</msg>
<msg timestamp="20200205 09:01:20.440" level="WARN">Multiple test cases with name 'Click Element' executed in test suite 'Test Cases.LoginTC.TC 003'.</msg>
<msg timestamp="20200205 09:01:44.492" level="WARN">Multiple test cases with name 'Select From List By Value' executed in test suite 'Test Cases.LoginTC.TC 003'.</msg>
<msg timestamp="20200205 09:01:55.837" level="WARN">Multiple test cases with name 'Click Element' executed in test suite 'Test Cases.LoginTC.TC 003'.</msg>
<msg timestamp="20200205 09:02:07.962" level="WARN">Multiple test cases with name 'Click Element' executed in test suite 'Test Cases.LoginTC.TC 003'.</msg>
<msg timestamp="20200205 09:02:17.472" level="WARN">Multiple test cases with name 'Click Element' executed in test suite 'Test Cases.LoginTC.TC 003'.</msg>
<msg timestamp="20200205 09:02:27.113" level="WARN">Multiple test cases with name 'Click Element' executed in test suite 'Test Cases.LoginTC.TC 003'.</msg>
<msg timestamp="20200205 09:02:36.677" level="WARN">Multiple test cases with name 'Click Element' executed in test suite 'Test Cases.LoginTC.TC 003'.</msg>
<msg timestamp="20200205 09:02:49.525" level="WARN">Multiple test cases with name 'Click Element' executed in test suite 'Test Cases.LoginTC.TC 003'.</msg>
<msg timestamp="20200205 09:03:00.520" level="WARN">Multiple test cases with name 'Click Element' executed in test suite 'Test Cases.LoginTC.TC 003'.</msg>
<msg timestamp="20200205 09:03:13.262" level="WARN">Multiple test cases with name 'Click Element' executed in test suite 'Test Cases.LoginTC.TC 003'.</msg>
<msg timestamp="20200205 09:03:23.384" level="WARN">Multiple test cases with name 'Input Text' executed in test suite 'Test Cases.LoginTC.TC 003'.</msg>
<msg timestamp="20200205 09:03:34.107" level="WARN">Multiple test cases with name 'Input Text' executed in test suite 'Test Cases.LoginTC.TC 003'.</msg>
<msg timestamp="20200205 09:03:43.049" level="WARN">Multiple test cases with name 'Click Element' executed in test suite 'Test Cases.LoginTC.TC 003'.</msg>
<msg timestamp="20200205 09:04:36.145" level="ERROR">Error in file 'C:\Users\Andre\PycharmProjects\RobotAutomation\Test Cases\TC_001.robot': Test library '..\..\ExternalKeywords\Locators.py' does not exist.</msg>
<msg timestamp="20200205 09:04:36.153" level="ERROR">Error in file 'C:\Users\Andre\PycharmProjects\RobotAutomation\Test Cases\TC_001.robot': Resource file '..\..\Resources\Resources1.robot' does not exist.</msg>
</errors>
</robot>
