<?xml version="1.0" encoding="UTF-8"?>
<robot generator="Robot 3.1.2 (Python 3.8.0 on win32)" generated="20200114 13:54:22.163" rpa="false">
<suite id="s1" name="TC 001" source="C:\Users\Andre\PycharmProjects\RobotAutomation\Test Cases\LoginTC\TC_001.robot">
<test id="s1-t1" name="TC_001 Login Logout Functionality">
<kw name="Open Browser" library="SeleniumLibrary">
<doc>Opens a new browser instance to the optional ``url``.</doc>
<arguments>
<arg>${var1}</arg>
<arg>Chrome</arg>
</arguments>
<msg timestamp="20200114 13:54:27.541" level="INFO">Opening browser 'Chrome' to base url 'http://thetestingworld.com'.</msg>
<status status="PASS" starttime="20200114 13:54:27.541" endtime="20200114 13:54:44.740"></status>
</kw>
<kw name="Maximize Browser Window" library="SeleniumLibrary">
<doc>Maximizes current browser window.</doc>
<status status="PASS" starttime="20200114 13:54:44.741" endtime="20200114 13:54:46.051"></status>
</kw>
<kw name="Click Element" library="SeleniumLibrary">
<doc>Click the element identified by ``locator``.</doc>
<arguments>
<arg>xpath://a[text()='Login']</arg>
</arguments>
<msg timestamp="20200114 13:54:46.053" level="INFO">Clicking element 'xpath://a[text()='Login']'.</msg>
<status status="PASS" starttime="20200114 13:54:46.052" endtime="20200114 13:54:48.457"></status>
</kw>
<kw name="Read Number of Rows" library="UserKeywords">
<arguments>
<arg>Tabelle1</arg>
</arguments>
<assign>
<var>${row}</var>
</assign>
<kw name="Fetch Number Of Rows" library="ReadData">
<arguments>
<arg>${Sheetname}</arg>
</arguments>
<assign>
<var>${maxr}</var>
</assign>
<msg timestamp="20200114 13:54:48.462" level="INFO">${maxr} = 4</msg>
<status status="PASS" starttime="20200114 13:54:48.462" endtime="20200114 13:54:48.462"></status>
</kw>
<msg timestamp="20200114 13:54:48.463" level="INFO">${row} = 4</msg>
<status status="PASS" starttime="20200114 13:54:48.461" endtime="20200114 13:54:48.463"></status>
</kw>
<kw name="${i} IN RANGE [ 1 | ${row}+1 ]" type="for">
<kw name="${i} = 1" type="foritem">
<kw name="Read Excel Data of Cell" library="UserKeywords">
<arguments>
<arg>Tabelle1</arg>
<arg>${i}</arg>
<arg>1</arg>
</arguments>
<assign>
<var>${username}</var>
</assign>
<kw name="Fetch Cell Data" library="ReadData">
<arguments>
<arg>${Sheetname}</arg>
<arg>${row}</arg>
<arg>${cell}</arg>
</arguments>
<assign>
<var>${celldata}</var>
</assign>
<msg timestamp="20200114 13:54:48.466" level="INFO">${celldata} = user1</msg>
<status status="PASS" starttime="20200114 13:54:48.465" endtime="20200114 13:54:48.466"></status>
</kw>
<msg timestamp="20200114 13:54:48.466" level="INFO">${username} = user1</msg>
<status status="PASS" starttime="20200114 13:54:48.464" endtime="20200114 13:54:48.466"></status>
</kw>
<kw name="Read Excel Data of Cell" library="UserKeywords">
<arguments>
<arg>Tabelle1</arg>
<arg>${i}</arg>
<arg>2</arg>
</arguments>
<assign>
<var>${password}</var>
</assign>
<kw name="Fetch Cell Data" library="ReadData">
<arguments>
<arg>${Sheetname}</arg>
<arg>${row}</arg>
<arg>${cell}</arg>
</arguments>
<assign>
<var>${celldata}</var>
</assign>
<msg timestamp="20200114 13:54:48.468" level="INFO">${celldata} = pass1</msg>
<status status="PASS" starttime="20200114 13:54:48.467" endtime="20200114 13:54:48.468"></status>
</kw>
<msg timestamp="20200114 13:54:48.469" level="INFO">${password} = pass1</msg>
<status status="PASS" starttime="20200114 13:54:48.466" endtime="20200114 13:54:48.469"></status>
</kw>
<kw name="Input Text" library="SeleniumLibrary">
<doc>Types the given ``text`` into the text field identified by ``locator``.</doc>
<arguments>
<arg>id:username</arg>
<arg>${username}</arg>
</arguments>
<msg timestamp="20200114 13:54:48.469" level="INFO">Typing text 'user1' into text field 'id:username'.</msg>
<status status="PASS" starttime="20200114 13:54:48.469" endtime="20200114 13:54:48.660"></status>
</kw>
<kw name="Input Text" library="SeleniumLibrary">
<doc>Types the given ``text`` into the text field identified by ``locator``.</doc>
<arguments>
<arg>id:password</arg>
<arg>${password}</arg>
</arguments>
<msg timestamp="20200114 13:54:48.661" level="INFO">Typing text 'pass1' into text field 'id:password'.</msg>
<status status="PASS" starttime="20200114 13:54:48.661" endtime="20200114 13:54:48.853"></status>
</kw>
<kw name="Click Button" library="SeleniumLibrary">
<doc>Clicks the button identified by ``locator``.</doc>
<arguments>
<arg>xpath://button[@type='submit']</arg>
</arguments>
<msg timestamp="20200114 13:54:48.853" level="INFO">Clicking button 'xpath://button[@type='submit']'.</msg>
<status status="PASS" starttime="20200114 13:54:48.853" endtime="20200114 13:54:50.694"></status>
</kw>
<kw name="Sleep" library="BuiltIn">
<doc>Pauses the test executed for the given time.</doc>
<arguments>
<arg>5 seconds</arg>
</arguments>
<msg timestamp="20200114 13:54:55.708" level="INFO">Slept 5 seconds</msg>
<status status="PASS" starttime="20200114 13:54:50.694" endtime="20200114 13:54:55.708"></status>
</kw>
<status status="PASS" starttime="20200114 13:54:48.464" endtime="20200114 13:54:55.708"></status>
</kw>
<kw name="${i} = 2" type="foritem">
<kw name="Read Excel Data of Cell" library="UserKeywords">
<arguments>
<arg>Tabelle1</arg>
<arg>${i}</arg>
<arg>1</arg>
</arguments>
<assign>
<var>${username}</var>
</assign>
<kw name="Fetch Cell Data" library="ReadData">
<arguments>
<arg>${Sheetname}</arg>
<arg>${row}</arg>
<arg>${cell}</arg>
</arguments>
<assign>
<var>${celldata}</var>
</assign>
<msg timestamp="20200114 13:54:55.708" level="INFO">${celldata} = user2</msg>
<status status="PASS" starttime="20200114 13:54:55.708" endtime="20200114 13:54:55.708"></status>
</kw>
<msg timestamp="20200114 13:54:55.708" level="INFO">${username} = user2</msg>
<status status="PASS" starttime="20200114 13:54:55.708" endtime="20200114 13:54:55.708"></status>
</kw>
<kw name="Read Excel Data of Cell" library="UserKeywords">
<arguments>
<arg>Tabelle1</arg>
<arg>${i}</arg>
<arg>2</arg>
</arguments>
<assign>
<var>${password}</var>
</assign>
<kw name="Fetch Cell Data" library="ReadData">
<arguments>
<arg>${Sheetname}</arg>
<arg>${row}</arg>
<arg>${cell}</arg>
</arguments>
<assign>
<var>${celldata}</var>
</assign>
<msg timestamp="20200114 13:54:55.708" level="INFO">${celldata} = pass2</msg>
<status status="PASS" starttime="20200114 13:54:55.708" endtime="20200114 13:54:55.708"></status>
</kw>
<msg timestamp="20200114 13:54:55.708" level="INFO">${password} = pass2</msg>
<status status="PASS" starttime="20200114 13:54:55.708" endtime="20200114 13:54:55.708"></status>
</kw>
<kw name="Input Text" library="SeleniumLibrary">
<doc>Types the given ``text`` into the text field identified by ``locator``.</doc>
<arguments>
<arg>id:username</arg>
<arg>${username}</arg>
</arguments>
<msg timestamp="20200114 13:54:55.708" level="INFO">Typing text 'user2' into text field 'id:username'.</msg>
<status status="PASS" starttime="20200114 13:54:55.708" endtime="20200114 13:54:55.885"></status>
</kw>
<kw name="Input Text" library="SeleniumLibrary">
<doc>Types the given ``text`` into the text field identified by ``locator``.</doc>
<arguments>
<arg>id:password</arg>
<arg>${password}</arg>
</arguments>
<msg timestamp="20200114 13:54:55.885" level="INFO">Typing text 'pass2' into text field 'id:password'.</msg>
<status status="PASS" starttime="20200114 13:54:55.885" endtime="20200114 13:54:56.036"></status>
</kw>
<kw name="Click Button" library="SeleniumLibrary">
<doc>Clicks the button identified by ``locator``.</doc>
<arguments>
<arg>xpath://button[@type='submit']</arg>
</arguments>
<msg timestamp="20200114 13:54:56.036" level="INFO">Clicking button 'xpath://button[@type='submit']'.</msg>
<status status="PASS" starttime="20200114 13:54:56.036" endtime="20200114 13:54:57.076"></status>
</kw>
<kw name="Sleep" library="BuiltIn">
<doc>Pauses the test executed for the given time.</doc>
<arguments>
<arg>5 seconds</arg>
</arguments>
<msg timestamp="20200114 13:55:02.085" level="INFO">Slept 5 seconds</msg>
<status status="PASS" starttime="20200114 13:54:57.077" endtime="20200114 13:55:02.085"></status>
</kw>
<status status="PASS" starttime="20200114 13:54:55.708" endtime="20200114 13:55:02.085"></status>
</kw>
<kw name="${i} = 3" type="foritem">
<kw name="Read Excel Data of Cell" library="UserKeywords">
<arguments>
<arg>Tabelle1</arg>
<arg>${i}</arg>
<arg>1</arg>
</arguments>
<assign>
<var>${username}</var>
</assign>
<kw name="Fetch Cell Data" library="ReadData">
<arguments>
<arg>${Sheetname}</arg>
<arg>${row}</arg>
<arg>${cell}</arg>
</arguments>
<assign>
<var>${celldata}</var>
</assign>
<msg timestamp="20200114 13:55:02.085" level="INFO">${celldata} = user3</msg>
<status status="PASS" starttime="20200114 13:55:02.085" endtime="20200114 13:55:02.085"></status>
</kw>
<msg timestamp="20200114 13:55:02.085" level="INFO">${username} = user3</msg>
<status status="PASS" starttime="20200114 13:55:02.085" endtime="20200114 13:55:02.085"></status>
</kw>
<kw name="Read Excel Data of Cell" library="UserKeywords">
<arguments>
<arg>Tabelle1</arg>
<arg>${i}</arg>
<arg>2</arg>
</arguments>
<assign>
<var>${password}</var>
</assign>
<kw name="Fetch Cell Data" library="ReadData">
<arguments>
<arg>${Sheetname}</arg>
<arg>${row}</arg>
<arg>${cell}</arg>
</arguments>
<assign>
<var>${celldata}</var>
</assign>
<msg timestamp="20200114 13:55:02.085" level="INFO">${celldata} = pass3</msg>
<status status="PASS" starttime="20200114 13:55:02.085" endtime="20200114 13:55:02.085"></status>
</kw>
<msg timestamp="20200114 13:55:02.085" level="INFO">${password} = pass3</msg>
<status status="PASS" starttime="20200114 13:55:02.085" endtime="20200114 13:55:02.085"></status>
</kw>
<kw name="Input Text" library="SeleniumLibrary">
<doc>Types the given ``text`` into the text field identified by ``locator``.</doc>
<arguments>
<arg>id:username</arg>
<arg>${username}</arg>
</arguments>
<msg timestamp="20200114 13:55:02.085" level="INFO">Typing text 'user3' into text field 'id:username'.</msg>
<status status="PASS" starttime="20200114 13:55:02.085" endtime="20200114 13:55:02.224"></status>
</kw>
<kw name="Input Text" library="SeleniumLibrary">
<doc>Types the given ``text`` into the text field identified by ``locator``.</doc>
<arguments>
<arg>id:password</arg>
<arg>${password}</arg>
</arguments>
<msg timestamp="20200114 13:55:02.225" level="INFO">Typing text 'pass3' into text field 'id:password'.</msg>
<status status="PASS" starttime="20200114 13:55:02.224" endtime="20200114 13:55:02.366"></status>
</kw>
<kw name="Click Button" library="SeleniumLibrary">
<doc>Clicks the button identified by ``locator``.</doc>
<arguments>
<arg>xpath://button[@type='submit']</arg>
</arguments>
<msg timestamp="20200114 13:55:02.367" level="INFO">Clicking button 'xpath://button[@type='submit']'.</msg>
<status status="PASS" starttime="20200114 13:55:02.366" endtime="20200114 13:55:03.536"></status>
</kw>
<kw name="Sleep" library="BuiltIn">
<doc>Pauses the test executed for the given time.</doc>
<arguments>
<arg>5 seconds</arg>
</arguments>
<msg timestamp="20200114 13:55:08.550" level="INFO">Slept 5 seconds</msg>
<status status="PASS" starttime="20200114 13:55:03.536" endtime="20200114 13:55:08.550"></status>
</kw>
<status status="PASS" starttime="20200114 13:55:02.085" endtime="20200114 13:55:08.550"></status>
</kw>
<kw name="${i} = 4" type="foritem">
<kw name="Read Excel Data of Cell" library="UserKeywords">
<arguments>
<arg>Tabelle1</arg>
<arg>${i}</arg>
<arg>1</arg>
</arguments>
<assign>
<var>${username}</var>
</assign>
<kw name="Fetch Cell Data" library="ReadData">
<arguments>
<arg>${Sheetname}</arg>
<arg>${row}</arg>
<arg>${cell}</arg>
</arguments>
<assign>
<var>${celldata}</var>
</assign>
<msg timestamp="20200114 13:55:08.550" level="INFO">${celldata} = user4</msg>
<status status="PASS" starttime="20200114 13:55:08.550" endtime="20200114 13:55:08.550"></status>
</kw>
<msg timestamp="20200114 13:55:08.550" level="INFO">${username} = user4</msg>
<status status="PASS" starttime="20200114 13:55:08.550" endtime="20200114 13:55:08.550"></status>
</kw>
<kw name="Read Excel Data of Cell" library="UserKeywords">
<arguments>
<arg>Tabelle1</arg>
<arg>${i}</arg>
<arg>2</arg>
</arguments>
<assign>
<var>${password}</var>
</assign>
<kw name="Fetch Cell Data" library="ReadData">
<arguments>
<arg>${Sheetname}</arg>
<arg>${row}</arg>
<arg>${cell}</arg>
</arguments>
<assign>
<var>${celldata}</var>
</assign>
<msg timestamp="20200114 13:55:08.557" level="INFO">${celldata} = pass4</msg>
<status status="PASS" starttime="20200114 13:55:08.550" endtime="20200114 13:55:08.557"></status>
</kw>
<msg timestamp="20200114 13:55:08.557" level="INFO">${password} = pass4</msg>
<status status="PASS" starttime="20200114 13:55:08.550" endtime="20200114 13:55:08.557"></status>
</kw>
<kw name="Input Text" library="SeleniumLibrary">
<doc>Types the given ``text`` into the text field identified by ``locator``.</doc>
<arguments>
<arg>id:username</arg>
<arg>${username}</arg>
</arguments>
<msg timestamp="20200114 13:55:08.557" level="INFO">Typing text 'user4' into text field 'id:username'.</msg>
<status status="PASS" starttime="20200114 13:55:08.557" endtime="20200114 13:55:08.701"></status>
</kw>
<kw name="Input Text" library="SeleniumLibrary">
<doc>Types the given ``text`` into the text field identified by ``locator``.</doc>
<arguments>
<arg>id:password</arg>
<arg>${password}</arg>
</arguments>
<msg timestamp="20200114 13:55:08.702" level="INFO">Typing text 'pass4' into text field 'id:password'.</msg>
<status status="PASS" starttime="20200114 13:55:08.701" endtime="20200114 13:55:08.825"></status>
</kw>
<kw name="Click Button" library="SeleniumLibrary">
<doc>Clicks the button identified by ``locator``.</doc>
<arguments>
<arg>xpath://button[@type='submit']</arg>
</arguments>
<msg timestamp="20200114 13:55:08.826" level="INFO">Clicking button 'xpath://button[@type='submit']'.</msg>
<status status="PASS" starttime="20200114 13:55:08.825" endtime="20200114 13:55:09.813"></status>
</kw>
<kw name="Sleep" library="BuiltIn">
<doc>Pauses the test executed for the given time.</doc>
<arguments>
<arg>5 seconds</arg>
</arguments>
<msg timestamp="20200114 13:55:14.823" level="INFO">Slept 5 seconds</msg>
<status status="PASS" starttime="20200114 13:55:09.813" endtime="20200114 13:55:14.823"></status>
</kw>
<status status="PASS" starttime="20200114 13:55:08.550" endtime="20200114 13:55:14.823"></status>
</kw>
<status status="PASS" starttime="20200114 13:54:48.463" endtime="20200114 13:55:14.823"></status>
</kw>
<status status="PASS" starttime="20200114 13:54:27.541" endtime="20200114 13:55:14.823" critical="yes"></status>
</test>
<status status="PASS" starttime="20200114 13:54:22.163" endtime="20200114 13:55:14.823"></status>
</suite>
<statistics>
<total>
<stat pass="1" fail="0">Critical Tests</stat>
<stat pass="1" fail="0">All Tests</stat>
</total>
<tag>
</tag>
<suite>
<stat pass="1" fail="0" id="s1" name="TC 001">TC 001</stat>
</suite>
</statistics>
<errors>
</errors>
</robot>
