<?xml version="1.0" encoding="UTF-8"?>
<robot generator="Robot 3.1.2 (Python 3.8.0 on win32)" generated="20200105 21:47:17.138" rpa="false">
<suite id="s1" name="TC 004" source="C:\Users\Andre\PycharmProjects\RobotAutomation\Test Cases\RegistrationTC\TC_004.robot">
<kw name="Before Each Test Suite" library="Resources1" type="setup">
<kw name="Log" library="BuiltIn">
<doc>Logs the given message with the given level.</doc>
<arguments>
<arg>Before Each Test Suite</arg>
</arguments>
<msg timestamp="20200105 21:47:17.466" level="INFO">Before Each Test Suite</msg>
<status status="PASS" starttime="20200105 21:47:17.450" endtime="20200105 21:47:17.466"></status>
</kw>
<status status="PASS" starttime="20200105 21:47:17.450" endtime="20200105 21:47:17.466"></status>
</kw>
<test id="s1-t1" name="Robot Fetch Data">
<kw name="Start Browser and Maximize" library="Resources1" type="setup">
<kw name="Open Browser" library="SeleniumLibrary">
<doc>Opens a new browser instance to the optional ``url``.</doc>
<arguments>
<arg>http://thetestingworld.com/testings</arg>
<arg>Chrome</arg>
</arguments>
<msg timestamp="20200105 21:47:17.466" level="INFO">Opening browser 'Chrome' to base url 'http://thetestingworld.com/testings'.</msg>
<status status="PASS" starttime="20200105 21:47:17.466" endtime="20200105 21:47:23.958"></status>
</kw>
<kw name="Maximize Browser Window" library="SeleniumLibrary">
<doc>Maximizes current browser window.</doc>
<status status="PASS" starttime="20200105 21:47:23.958" endtime="20200105 21:47:25.134"></status>
</kw>
<status status="PASS" starttime="20200105 21:47:17.466" endtime="20200105 21:47:25.134"></status>
</kw>
<kw name="Concatinate User and Password" library="Resources1">
<arguments>
<arg>Testing</arg>
<arg>World</arg>
</arguments>
<kw name="Concatinate Two Values" library="UserKeywords">
<arguments>
<arg>${username}</arg>
<arg>${password}</arg>
</arguments>
<assign>
<var>${resultval}</var>
</assign>
<msg timestamp="20200105 21:47:25.134" level="INFO">${resultval} = Testing World</msg>
<status status="PASS" starttime="20200105 21:47:25.134" endtime="20200105 21:47:25.134"></status>
</kw>
<kw name="Log" library="BuiltIn">
<doc>Logs the given message with the given level.</doc>
<arguments>
<arg>${resultval}</arg>
</arguments>
<msg timestamp="20200105 21:47:25.134" level="INFO">Testing World</msg>
<status status="PASS" starttime="20200105 21:47:25.134" endtime="20200105 21:47:25.134"></status>
</kw>
<status status="PASS" starttime="20200105 21:47:25.134" endtime="20200105 21:47:25.134"></status>
</kw>
<kw name="Open Browser" library="SeleniumLibrary">
<doc>Opens a new browser instance to the optional ``url``.</doc>
<arguments>
<arg>${Url}</arg>
<arg>${Browser}</arg>
</arguments>
<msg timestamp="20200105 21:47:25.134" level="INFO">Opening browser 'Chrome' to base url 'http://thetestingworld.com/testings'.</msg>
<status status="PASS" starttime="20200105 21:47:25.134" endtime="20200105 21:47:32.095"></status>
</kw>
<kw name="Maximize Browser Window" library="SeleniumLibrary">
<doc>Maximizes current browser window.</doc>
<status status="PASS" starttime="20200105 21:47:32.095" endtime="20200105 21:47:33.283"></status>
</kw>
<kw name="Close Browser Window" library="Resources1" type="teardown">
<kw name="Get Title" library="SeleniumLibrary">
<doc>Returns the title of the current page.</doc>
<assign>
<var>${Title}</var>
</assign>
<msg timestamp="20200105 21:47:33.283" level="INFO">${Title} = Login &amp; Sign Up Forms</msg>
<status status="PASS" starttime="20200105 21:47:33.283" endtime="20200105 21:47:33.283"></status>
</kw>
<kw name="Log" library="BuiltIn">
<doc>Logs the given message with the given level.</doc>
<arguments>
<arg>${Title}</arg>
</arguments>
<msg timestamp="20200105 21:47:33.283" level="INFO">Login &amp; Sign Up Forms</msg>
<status status="PASS" starttime="20200105 21:47:33.283" endtime="20200105 21:47:33.283"></status>
</kw>
<kw name="Close Browser" library="SeleniumLibrary">
<doc>Closes the current browser.</doc>
<status status="PASS" starttime="20200105 21:47:33.283" endtime="20200105 21:47:35.594"></status>
</kw>
<status status="PASS" starttime="20200105 21:47:33.283" endtime="20200105 21:47:35.594"></status>
</kw>
<status status="PASS" starttime="20200105 21:47:17.466" endtime="20200105 21:47:35.594" critical="yes"></status>
</test>
<kw name="After Each Test Suite" library="Resources1" type="teardown">
<kw name="Log" library="BuiltIn">
<doc>Logs the given message with the given level.</doc>
<arguments>
<arg>After Each Test Suite</arg>
</arguments>
<msg timestamp="20200105 21:47:35.594" level="INFO">After Each Test Suite</msg>
<status status="PASS" starttime="20200105 21:47:35.594" endtime="20200105 21:47:35.594"></status>
</kw>
<status status="PASS" starttime="20200105 21:47:35.594" endtime="20200105 21:47:35.594"></status>
</kw>
<status status="PASS" starttime="20200105 21:47:17.138" endtime="20200105 21:47:35.594"></status>
</suite>
<statistics>
<total>
<stat pass="1" fail="0">Critical Tests</stat>
<stat pass="1" fail="0">All Tests</stat>
</total>
<tag>
</tag>
<suite>
<stat pass="1" fail="0" id="s1" name="TC 004">TC 004</stat>
</suite>
</statistics>
<errors>
</errors>
</robot>
